<?xml version="1.0" encoding="UTF-8"?>
<coverage generated="1758122202879" clover="3.2.0">
  <project timestamp="1758122202880" name="All files">
    <metrics statements="666" coveredstatements="443" conditionals="428" coveredconditionals="267" methods="93" coveredmethods="63" elements="1187" coveredelements="773" complexity="0" loc="666" ncloc="666" packages="1" files="8" classes="8"/>
    <file name="auditLogService.ts" path="/home/runner/work/gopr-uav-ops-manager/gopr-uav-ops-manager/goprUavOpsManager/services/auditLogService.ts">
      <metrics statements="29" coveredstatements="27" conditionals="21" coveredconditionals="18" methods="6" coveredmethods="6"/>
      <line num="2" count="1" type="stmt"/>
      <line num="3" count="1" type="stmt"/>
      <line num="4" count="1" type="stmt"/>
      <line num="6" count="1" type="stmt"/>
      <line num="11" count="9" type="stmt"/>
      <line num="12" count="9" type="stmt"/>
      <line num="14" count="8" type="stmt"/>
      <line num="19" count="8" type="stmt"/>
      <line num="21" count="6" type="cond" truecount="4" falsecount="0"/>
      <line num="22" count="6" type="stmt"/>
      <line num="24" count="3" type="stmt"/>
      <line num="26" count="3" type="stmt"/>
      <line num="34" count="2" type="stmt"/>
      <line num="41" count="1" type="stmt"/>
      <line num="48" count="2" type="stmt"/>
      <line num="55" count="2" type="stmt"/>
      <line num="62" count="4" type="cond" truecount="2" falsecount="0"/>
      <line num="63" count="1" type="stmt"/>
      <line num="66" count="3" type="cond" truecount="2" falsecount="0"/>
      <line num="67" count="1" type="stmt"/>
      <line num="70" count="2" type="cond" truecount="2" falsecount="0"/>
      <line num="71" count="1" type="stmt"/>
      <line num="74" count="1" type="cond" truecount="1" falsecount="1"/>
      <line num="75" count="0" type="stmt"/>
      <line num="78" count="1" type="cond" truecount="4" falsecount="1"/>
      <line num="80" count="1" type="stmt"/>
      <line num="82" count="1" type="cond" truecount="1" falsecount="1"/>
      <line num="83" count="1" type="stmt"/>
      <line num="87" count="0" type="stmt"/>
    </file>
    <file name="droneService.ts" path="/home/runner/work/gopr-uav-ops-manager/gopr-uav-ops-manager/goprUavOpsManager/services/droneService.ts">
      <metrics statements="152" coveredstatements="108" conditionals="85" coveredconditionals="58" methods="26" coveredmethods="14"/>
      <line num="2" count="1" type="stmt"/>
      <line num="3" count="1" type="stmt"/>
      <line num="4" count="1" type="stmt"/>
      <line num="6" count="1" type="stmt"/>
      <line num="8" count="1" type="stmt"/>
      <line num="11" count="1" type="stmt"/>
      <line num="14" count="1" type="stmt"/>
      <line num="19" count="3" type="stmt"/>
      <line num="21" count="3" type="cond" truecount="2" falsecount="0"/>
      <line num="22" count="1" type="stmt"/>
      <line num="26" count="2" type="cond" truecount="4" falsecount="0"/>
      <line num="27" count="1" type="stmt"/>
      <line num="31" count="1" type="stmt"/>
      <line num="33" count="1" type="stmt"/>
      <line num="38" count="6" type="cond" truecount="2" falsecount="0"/>
      <line num="39" count="1" type="stmt"/>
      <line num="42" count="5" type="stmt"/>
      <line num="44" count="5" type="stmt"/>
      <line num="47" count="5" type="stmt"/>
      <line num="48" count="5" type="cond" truecount="4" falsecount="0"/>
      <line num="49" count="1" type="stmt"/>
      <line num="57" count="5" type="stmt"/>
      <line num="58" count="5" type="cond" truecount="4" falsecount="0"/>
      <line num="59" count="1" type="stmt"/>
      <line num="63" count="5" type="stmt"/>
      <line num="69" count="5" type="stmt"/>
      <line num="72" count="5" type="stmt"/>
      <line num="73" count="5" type="stmt"/>
      <line num="83" count="5" type="stmt"/>
      <line num="85" count="0" type="stmt"/>
      <line num="86" count="0" type="stmt"/>
      <line num="92" count="6" type="cond" truecount="2" falsecount="0"/>
      <line num="93" count="1" type="stmt"/>
      <line num="96" count="5" type="stmt"/>
      <line num="98" count="5" type="stmt"/>
      <line num="99" count="5" type="cond" truecount="2" falsecount="0"/>
      <line num="100" count="1" type="stmt"/>
      <line num="104" count="4" type="cond" truecount="4" falsecount="0"/>
      <line num="105" count="1" type="stmt"/>
      <line num="109" count="3" type="stmt"/>
      <line num="110" count="3" type="cond" truecount="2" falsecount="0"/>
      <line num="111" count="1" type="stmt"/>
      <line num="118" count="1" type="cond" truecount="1" falsecount="1"/>
      <line num="119" count="1" type="stmt"/>
      <line num="120" count="1" type="stmt"/>
      <line num="123" count="1" type="stmt"/>
      <line num="124" count="1" type="stmt"/>
      <line num="125" count="1" type="stmt"/>
      <line num="127" count="0" type="stmt"/>
      <line num="133" count="3" type="cond" truecount="1" falsecount="1"/>
      <line num="134" count="0" type="stmt"/>
      <line num="137" count="0" type="stmt"/>
      <line num="141" count="3" type="stmt"/>
      <line num="142" count="3" type="stmt"/>
      <line num="145" count="3" type="stmt"/>
      <line num="148" count="2" type="stmt"/>
      <line num="149" count="2" type="stmt"/>
      <line num="160" count="3" type="stmt"/>
      <line num="161" count="3" type="stmt"/>
      <line num="167" count="5" type="cond" truecount="2" falsecount="0"/>
      <line num="168" count="1" type="stmt"/>
      <line num="171" count="4" type="stmt"/>
      <line num="173" count="4" type="stmt"/>
      <line num="174" count="4" type="cond" truecount="2" falsecount="0"/>
      <line num="175" count="1" type="stmt"/>
      <line num="179" count="3" type="stmt"/>
      <line num="182" count="2" type="stmt"/>
      <line num="183" count="2" type="stmt"/>
      <line num="193" count="2" type="stmt"/>
      <line num="194" count="2" type="stmt"/>
      <line num="200" count="5" type="cond" truecount="2" falsecount="0"/>
      <line num="201" count="2" type="stmt"/>
      <line num="204" count="3" type="stmt"/>
      <line num="206" count="3" type="stmt"/>
      <line num="207" count="3" type="cond" truecount="2" falsecount="0"/>
      <line num="208" count="1" type="stmt"/>
      <line num="212" count="2" type="stmt"/>
      <line num="215" count="1" type="stmt"/>
      <line num="216" count="1" type="stmt"/>
      <line num="226" count="2" type="stmt"/>
      <line num="227" count="2" type="stmt"/>
      <line num="234" count="5" type="cond" truecount="4" falsecount="0"/>
      <line num="235" count="1" type="stmt"/>
      <line num="239" count="4" type="cond" truecount="4" falsecount="0"/>
      <line num="240" count="1" type="stmt"/>
      <line num="246" count="1" type="stmt"/>
      <line num="254" count="3" type="stmt"/>
      <line num="262" count="5" type="cond" truecount="4" falsecount="0"/>
      <line num="263" count="1" type="stmt"/>
      <line num="266" count="4" type="stmt"/>
      <line num="268" count="4" type="stmt"/>
      <line num="269" count="4" type="stmt"/>
      <line num="271" count="4" type="stmt"/>
      <line num="272" count="23" type="stmt"/>
      <line num="275" count="23" type="cond" truecount="4" falsecount="0"/>
      <line num="276" count="2" type="stmt"/>
      <line num="277" count="2" type="stmt"/>
      <line num="282" count="1" type="stmt"/>
      <line num="284" count="1" type="stmt"/>
      <line num="287" count="1" type="stmt"/>
      <line num="288" count="1" type="stmt"/>
      <line num="292" count="23" type="stmt"/>
      <line num="295" count="4" type="stmt"/>
      <line num="301" count="4" type="stmt"/>
      <line num="307" count="0" type="stmt"/>
      <line num="308" count="0" type="stmt"/>
      <line num="309" count="0" type="stmt"/>
      <line num="310" count="0" type="cond" truecount="0" falsecount="4"/>
      <line num="311" count="0" type="stmt"/>
      <line num="316" count="0" type="stmt"/>
      <line num="317" count="0" type="stmt"/>
      <line num="318" count="0" type="stmt"/>
      <line num="319" count="0" type="cond" truecount="0" falsecount="4"/>
      <line num="320" count="0" type="stmt"/>
      <line num="325" count="0" type="stmt"/>
      <line num="328" count="0" type="stmt"/>
      <line num="329" count="0" type="stmt"/>
      <line num="330" count="0" type="stmt"/>
      <line num="332" count="0" type="stmt"/>
      <line num="339" count="25" type="cond" truecount="2" falsecount="0"/>
      <line num="344" count="7" type="stmt"/>
      <line num="349" count="12" type="cond" truecount="2" falsecount="0"/>
      <line num="350" count="4" type="stmt"/>
      <line num="352" count="8" type="stmt"/>
      <line num="353" count="8" type="stmt"/>
      <line num="354" count="8" type="cond" truecount="2" falsecount="0"/>
      <line num="355" count="4" type="stmt"/>
      <line num="357" count="4" type="stmt"/>
      <line num="362" count="0" type="cond" truecount="0" falsecount="2"/>
      <line num="363" count="0" type="stmt"/>
      <line num="365" count="0" type="stmt"/>
      <line num="366" count="0" type="stmt"/>
      <line num="367" count="0" type="cond" truecount="0" falsecount="2"/>
      <line num="368" count="0" type="stmt"/>
      <line num="370" count="0" type="stmt"/>
      <line num="375" count="0" type="cond" truecount="0" falsecount="2"/>
      <line num="376" count="0" type="stmt"/>
      <line num="378" count="0" type="stmt"/>
      <line num="379" count="0" type="stmt"/>
      <line num="384" count="0" type="cond" truecount="0" falsecount="2"/>
      <line num="385" count="0" type="stmt"/>
      <line num="387" count="0" type="stmt"/>
      <line num="388" count="0" type="stmt"/>
      <line num="394" count="0" type="cond" truecount="0" falsecount="5"/>
      <line num="395" count="0" type="stmt"/>
      <line num="396" count="0" type="stmt"/>
      <line num="397" count="0" type="stmt"/>
      <line num="398" count="0" type="stmt"/>
      <line num="400" count="0" type="stmt"/>
      <line num="405" count="0" type="cond" truecount="0" falsecount="2"/>
      <line num="406" count="0" type="stmt"/>
      <line num="409" count="0" type="stmt"/>
    </file>
    <file name="flightService.ts" path="/home/runner/work/gopr-uav-ops-manager/gopr-uav-ops-manager/goprUavOpsManager/services/flightService.ts">
      <metrics statements="32" coveredstatements="30" conditionals="20" coveredconditionals="20" methods="5" coveredmethods="5"/>
      <line num="2" count="1" type="stmt"/>
      <line num="3" count="1" type="stmt"/>
      <line num="5" count="1" type="stmt"/>
      <line num="7" count="1" type="stmt"/>
      <line num="10" count="2" type="stmt"/>
      <line num="15" count="10" type="stmt"/>
      <line num="17" count="9" type="cond" truecount="2" falsecount="0"/>
      <line num="18" count="1" type="stmt"/>
      <line num="22" count="8" type="cond" truecount="5" falsecount="0"/>
      <line num="23" count="2" type="stmt"/>
      <line num="26" count="6" type="stmt"/>
      <line num="35" count="5" type="stmt"/>
      <line num="37" count="5" type="stmt"/>
      <line num="44" count="5" type="stmt"/>
      <line num="45" count="5" type="stmt"/>
      <line num="55" count="5" type="stmt"/>
      <line num="57" count="0" type="stmt"/>
      <line num="58" count="0" type="stmt"/>
      <line num="69" count="7" type="stmt"/>
      <line num="71" count="7" type="stmt"/>
      <line num="72" count="7" type="cond" truecount="2" falsecount="0"/>
      <line num="73" count="1" type="stmt"/>
      <line num="77" count="6" type="cond" truecount="5" falsecount="0"/>
      <line num="78" count="1" type="stmt"/>
      <line num="82" count="5" type="stmt"/>
      <line num="83" count="5" type="stmt"/>
      <line num="86" count="5" type="stmt"/>
      <line num="89" count="4" type="stmt"/>
      <line num="90" count="4" type="stmt"/>
      <line num="101" count="3" type="stmt"/>
      <line num="102" count="3" type="stmt"/>
      <line num="112" count="4" type="cond" truecount="2" falsecount="0"/>
    </file>
    <file name="imageService.ts" path="/home/runner/work/gopr-uav-ops-manager/gopr-uav-ops-manager/goprUavOpsManager/services/imageService.ts">
      <metrics statements="62" coveredstatements="49" conditionals="44" coveredconditionals="28" methods="3" coveredmethods="3"/>
      <line num="1" count="1" type="stmt"/>
      <line num="2" count="1" type="stmt"/>
      <line num="3" count="1" type="stmt"/>
      <line num="4" count="1" type="stmt"/>
      <line num="10" count="1" type="stmt"/>
      <line num="19" count="16" type="stmt"/>
      <line num="21" count="16" type="cond" truecount="4" falsecount="0"/>
      <line num="22" count="1" type="stmt"/>
      <line num="25" count="15" type="cond" truecount="4" falsecount="0"/>
      <line num="26" count="1" type="stmt"/>
      <line num="30" count="14" type="stmt"/>
      <line num="38" count="14" type="cond" truecount="4" falsecount="0"/>
      <line num="39" count="2" type="stmt"/>
      <line num="42" count="12" type="stmt"/>
      <line num="44" count="12" type="cond" truecount="2" falsecount="0"/>
      <line num="45" count="3" type="stmt"/>
      <line num="46" count="3" type="stmt"/>
      <line num="48" count="2" type="stmt"/>
      <line num="53" count="9" type="stmt"/>
      <line num="55" count="9" type="cond" truecount="1" falsecount="1"/>
      <line num="57" count="0" type="stmt"/>
      <line num="59" count="0" type="stmt"/>
      <line num="60" count="0" type="cond" truecount="0" falsecount="2"/>
      <line num="61" count="0" type="stmt"/>
      <line num="64" count="0" type="stmt"/>
      <line num="65" count="0" type="stmt"/>
      <line num="69" count="0" type="stmt"/>
      <line num="70" count="9" type="cond" truecount="2" falsecount="0"/>
      <line num="72" count="6" type="stmt"/>
      <line num="75" count="3" type="stmt"/>
      <line num="76" count="3" type="cond" truecount="1" falsecount="1"/>
      <line num="77" count="0" type="stmt"/>
      <line num="80" count="3" type="stmt"/>
      <line num="81" count="3" type="stmt"/>
      <line num="82" count="3" type="stmt"/>
      <line num="85" count="9" type="stmt"/>
      <line num="90" count="7" type="cond" truecount="4" falsecount="0"/>
      <line num="91" count="1" type="stmt"/>
      <line num="95" count="9" type="stmt"/>
      <line num="98" count="9" type="cond" truecount="2" falsecount="2"/>
      <line num="99" count="0" type="stmt"/>
      <line num="102" count="9" type="stmt"/>
      <line num="104" count="7" type="stmt"/>
      <line num="105" count="7" type="stmt"/>
      <line num="114" count="3" type="stmt"/>
      <line num="115" count="3" type="stmt"/>
      <line num="116" count="3" type="stmt"/>
      <line num="118" count="1" type="stmt"/>
      <line num="131" count="3" type="stmt"/>
      <line num="133" count="3" type="stmt"/>
      <line num="134" count="4" type="stmt"/>
      <line num="137" count="4" type="cond" truecount="4" falsecount="1"/>
      <line num="138" count="4" type="stmt"/>
      <line num="139" count="4" type="stmt"/>
      <line num="140" count="4" type="stmt"/>
      <line num="141" count="3" type="stmt"/>
      <line num="143" count="1" type="stmt"/>
      <line num="146" count="0" type="cond" truecount="0" falsecount="5"/>
      <line num="148" count="0" type="stmt"/>
      <line num="149" count="0" type="cond" truecount="0" falsecount="4"/>
      <line num="151" count="0" type="stmt"/>
      <line num="156" count="3" type="stmt"/>
    </file>
    <file name="locationService.ts" path="/home/runner/work/gopr-uav-ops-manager/gopr-uav-ops-manager/goprUavOpsManager/services/locationService.ts">
      <metrics statements="111" coveredstatements="94" conditionals="106" coveredconditionals="76" methods="12" coveredmethods="10"/>
      <line num="30" count="1" type="stmt"/>
      <line num="49" count="1" type="stmt"/>
      <line num="50" count="1" type="stmt"/>
      <line num="51" count="1" type="stmt"/>
      <line num="58" count="5" type="stmt"/>
      <line num="59" count="5" type="stmt"/>
      <line num="68" count="5" type="stmt"/>
      <line num="70" count="5" type="stmt"/>
      <line num="71" count="5" type="cond" truecount="2" falsecount="0"/>
      <line num="72" count="1" type="stmt"/>
      <line num="75" count="4" type="stmt"/>
      <line num="77" count="4" type="stmt"/>
      <line num="81" count="2" type="stmt"/>
      <line num="86" count="2" type="stmt"/>
      <line num="87" count="2" type="stmt"/>
      <line num="96" count="0" type="stmt"/>
      <line num="97" count="0" type="stmt"/>
      <line num="99" count="0" type="stmt"/>
      <line num="111" count="17" type="cond" truecount="5" falsecount="1"/>
      <line num="112" count="1" type="stmt"/>
      <line num="115" count="16" type="stmt"/>
      <line num="116" count="31" type="cond" truecount="2" falsecount="0"/>
      <line num="117" count="24" type="cond" truecount="4" falsecount="0"/>
      <line num="118" count="6" type="stmt"/>
      <line num="121" count="10" type="stmt"/>
      <line num="124" count="10" type="cond" truecount="6" falsecount="0"/>
      <line num="125" count="3" type="stmt"/>
      <line num="128" count="7" type="stmt"/>
      <line num="130" count="0" type="stmt"/>
      <line num="131" count="0" type="stmt"/>
      <line num="142" count="9" type="stmt"/>
      <line num="151" count="17" type="stmt"/>
      <line num="152" count="17" type="stmt"/>
      <line num="154" count="17" type="stmt"/>
      <line num="156" count="15" type="cond" truecount="4" falsecount="0"/>
      <line num="157" count="11" type="stmt"/>
      <line num="159" count="11" type="stmt"/>
      <line num="162" count="11" type="stmt"/>
      <line num="165" count="11" type="cond" truecount="2" falsecount="0"/>
      <line num="168" count="11" type="cond" truecount="1" falsecount="1"/>
      <line num="171" count="11" type="stmt"/>
      <line num="172" count="11" type="cond" truecount="2" falsecount="0"/>
      <line num="173" count="11" type="cond" truecount="2" falsecount="0"/>
      <line num="174" count="11" type="cond" truecount="2" falsecount="0"/>
      <line num="175" count="10" type="stmt"/>
      <line num="179" count="11" type="cond" truecount="4" falsecount="0"/>
      <line num="182" count="11" type="cond" truecount="3" falsecount="1"/>
      <line num="184" count="11" type="cond" truecount="1" falsecount="1"/>
      <line num="185" count="11" type="stmt"/>
      <line num="186" count="11" type="stmt"/>
      <line num="187" count="11" type="stmt"/>
      <line num="191" count="4" type="stmt"/>
      <line num="192" count="4" type="stmt"/>
      <line num="194" count="2" type="stmt"/>
      <line num="195" count="2" type="stmt"/>
      <line num="206" count="5" type="stmt"/>
      <line num="207" count="5" type="stmt"/>
      <line num="209" count="5" type="stmt"/>
      <line num="210" count="5" type="stmt"/>
      <line num="212" count="5" type="stmt"/>
      <line num="222" count="4" type="stmt"/>
      <line num="224" count="4" type="cond" truecount="1" falsecount="1"/>
      <line num="225" count="0" type="stmt"/>
      <line num="228" count="2" type="stmt"/>
      <line num="229" count="2" type="stmt"/>
      <line num="231" count="2" type="cond" truecount="4" falsecount="0"/>
      <line num="233" count="1" type="stmt"/>
      <line num="234" count="1" type="stmt"/>
      <line num="237" count="1" type="cond" truecount="1" falsecount="1"/>
      <line num="240" count="1" type="cond" truecount="1" falsecount="3"/>
      <line num="241" count="1" type="cond" truecount="1" falsecount="1"/>
      <line num="244" count="1" type="stmt"/>
      <line num="245" count="1" type="cond" truecount="1" falsecount="1"/>
      <line num="246" count="1" type="cond" truecount="1" falsecount="1"/>
      <line num="247" count="1" type="cond" truecount="1" falsecount="1"/>
      <line num="248" count="1" type="stmt"/>
      <line num="252" count="1" type="cond" truecount="1" falsecount="1"/>
      <line num="253" count="1" type="cond" truecount="3" falsecount="1"/>
      <line num="256" count="1" type="cond" truecount="3" falsecount="1"/>
      <line num="258" count="1" type="cond" truecount="1" falsecount="1"/>
      <line num="259" count="1" type="stmt"/>
      <line num="260" count="1" type="stmt"/>
      <line num="261" count="1" type="stmt"/>
      <line num="265" count="1" type="cond" truecount="3" falsecount="1"/>
      <line num="267" count="0" type="stmt"/>
      <line num="270" count="0" type="stmt"/>
      <line num="271" count="0" type="stmt"/>
      <line num="272" count="0" type="stmt"/>
      <line num="273" count="0" type="stmt"/>
      <line num="274" count="0" type="cond" truecount="0" falsecount="2"/>
      <line num="276" count="0" type="stmt"/>
      <line num="277" count="0" type="stmt"/>
      <line num="280" count="1" type="stmt"/>
      <line num="282" count="3" type="cond" truecount="3" falsecount="1"/>
      <line num="283" count="0" type="stmt"/>
      <line num="285" count="3" type="stmt"/>
      <line num="287" count="3" type="stmt"/>
      <line num="298" count="17" type="cond" truecount="4" falsecount="0"/>
      <line num="300" count="17" type="stmt"/>
      <line num="303" count="17" type="stmt"/>
      <line num="304" count="17" type="cond" truecount="2" falsecount="0"/>
      <line num="305" count="11" type="stmt"/>
      <line num="309" count="6" type="cond" truecount="2" falsecount="0"/>
      <line num="310" count="5" type="stmt"/>
      <line num="311" count="5" type="stmt"/>
      <line num="312" count="5" type="cond" truecount="2" falsecount="0"/>
      <line num="313" count="1" type="stmt"/>
      <line num="318" count="5" type="stmt"/>
      <line num="319" count="5" type="stmt"/>
      <line num="328" count="0" type="stmt"/>
      <line num="329" count="0" type="stmt"/>
    </file>
    <file name="offlineProcedureChecklistService.ts" path="/home/runner/work/gopr-uav-ops-manager/gopr-uav-ops-manager/goprUavOpsManager/services/offlineProcedureChecklistService.ts">
      <metrics statements="157" coveredstatements="83" conditionals="77" coveredconditionals="33" methods="23" coveredmethods="16"/>
      <line num="1" count="1" type="stmt"/>
      <line num="3" count="1" type="stmt"/>
      <line num="4" count="1" type="stmt"/>
      <line num="5" count="1" type="stmt"/>
      <line num="22" count="1" type="stmt"/>
      <line num="23" count="1" type="stmt"/>
      <line num="24" count="1" type="stmt"/>
      <line num="25" count="1" type="stmt"/>
      <line num="26" count="1" type="stmt"/>
      <line num="34" count="8" type="stmt"/>
      <line num="35" count="8" type="stmt"/>
      <line num="38" count="8" type="stmt"/>
      <line num="39" count="8" type="cond" truecount="6" falsecount="0"/>
      <line num="43" count="1" type="stmt"/>
      <line num="44" count="1" type="stmt"/>
      <line num="47" count="7" type="stmt"/>
      <line num="50" count="7" type="stmt"/>
      <line num="53" count="7" type="stmt"/>
      <line num="54" count="6" type="stmt"/>
      <line num="57" count="6" type="stmt"/>
      <line num="60" count="5" type="stmt"/>
      <line num="62" count="5" type="stmt"/>
      <line num="64" count="2" type="stmt"/>
      <line num="65" count="2" type="stmt"/>
      <line num="76" count="0" type="stmt"/>
      <line num="77" count="0" type="stmt"/>
      <line num="80" count="0" type="stmt"/>
      <line num="84" count="0" type="cond" truecount="0" falsecount="2"/>
      <line num="85" count="0" type="stmt"/>
      <line num="86" count="0" type="stmt"/>
      <line num="88" count="0" type="stmt"/>
      <line num="89" count="0" type="stmt"/>
      <line num="90" count="0" type="stmt"/>
      <line num="94" count="0" type="stmt"/>
      <line num="97" count="0" type="stmt"/>
      <line num="99" count="0" type="stmt"/>
      <line num="101" count="0" type="stmt"/>
      <line num="102" count="0" type="stmt"/>
      <line num="111" count="0" type="stmt"/>
      <line num="112" count="0" type="stmt"/>
      <line num="115" count="0" type="cond" truecount="0" falsecount="2"/>
      <line num="116" count="0" type="stmt"/>
      <line num="120" count="0" type="cond" truecount="0" falsecount="2"/>
      <line num="121" count="0" type="stmt"/>
      <line num="125" count="0" type="cond" truecount="0" falsecount="2"/>
      <line num="126" count="0" type="stmt"/>
      <line num="130" count="0" type="cond" truecount="0" falsecount="2"/>
      <line num="131" count="0" type="stmt"/>
      <line num="134" count="0" type="stmt"/>
      <line num="136" count="0" type="stmt"/>
      <line num="137" count="0" type="stmt"/>
      <line num="149" count="2" type="stmt"/>
      <line num="151" count="2" type="stmt"/>
      <line num="153" count="2" type="cond" truecount="2" falsecount="2"/>
      <line num="155" count="2" type="cond" truecount="2" falsecount="0"/>
      <line num="156" count="1" type="stmt"/>
      <line num="157" count="1" type="stmt"/>
      <line num="159" count="1" type="stmt"/>
      <line num="160" count="1" type="stmt"/>
      <line num="165" count="0" type="cond" truecount="0" falsecount="4"/>
      <line num="166" count="0" type="stmt"/>
      <line num="167" count="0" type="stmt"/>
      <line num="171" count="0" type="stmt"/>
      <line num="172" count="0" type="stmt"/>
      <line num="175" count="0" type="stmt"/>
      <line num="176" count="0" type="stmt"/>
      <line num="179" count="0" type="stmt"/>
      <line num="181" count="0" type="stmt"/>
      <line num="184" count="0" type="stmt"/>
      <line num="185" count="0" type="cond" truecount="0" falsecount="2"/>
      <line num="186" count="0" type="stmt"/>
      <line num="187" count="0" type="stmt"/>
      <line num="190" count="0" type="stmt"/>
      <line num="201" count="0" type="stmt"/>
      <line num="203" count="0" type="stmt"/>
      <line num="204" count="0" type="cond" truecount="0" falsecount="2"/>
      <line num="206" count="0" type="cond" truecount="0" falsecount="4"/>
      <line num="207" count="0" type="stmt"/>
      <line num="208" count="0" type="stmt"/>
      <line num="212" count="0" type="cond" truecount="0" falsecount="4"/>
      <line num="213" count="0" type="stmt"/>
      <line num="214" count="0" type="stmt"/>
      <line num="218" count="0" type="stmt"/>
      <line num="219" count="0" type="stmt"/>
      <line num="221" count="0" type="stmt"/>
      <line num="223" count="0" type="stmt"/>
      <line num="226" count="0" type="stmt"/>
      <line num="227" count="0" type="cond" truecount="0" falsecount="2"/>
      <line num="229" count="0" type="cond" truecount="0" falsecount="2"/>
      <line num="230" count="0" type="stmt"/>
      <line num="231" count="0" type="stmt"/>
      <line num="234" count="0" type="stmt"/>
      <line num="242" count="1" type="stmt"/>
      <line num="243" count="1" type="stmt"/>
      <line num="244" count="1" type="stmt"/>
      <line num="245" count="1" type="stmt"/>
      <line num="246" count="1" type="stmt"/>
      <line num="248" count="0" type="stmt"/>
      <line num="260" count="1" type="stmt"/>
      <line num="261" count="1" type="stmt"/>
      <line num="262" count="1" type="stmt"/>
      <line num="264" count="1" type="stmt"/>
      <line num="270" count="0" type="stmt"/>
      <line num="271" count="0" type="stmt"/>
      <line num="283" count="6" type="stmt"/>
      <line num="285" count="6" type="stmt"/>
      <line num="287" count="9" type="stmt"/>
      <line num="297" count="6" type="stmt"/>
      <line num="304" count="6" type="stmt"/>
      <line num="307" count="5" type="stmt"/>
      <line num="314" count="5" type="stmt"/>
      <line num="315" count="5" type="stmt"/>
      <line num="317" count="1" type="stmt"/>
      <line num="318" count="1" type="stmt"/>
      <line num="326" count="2" type="stmt"/>
      <line num="327" count="2" type="stmt"/>
      <line num="330" count="2" type="cond" truecount="5" falsecount="0"/>
      <line num="331" count="1" type="stmt"/>
      <line num="334" count="1" type="stmt"/>
      <line num="335" count="1" type="cond" truecount="1" falsecount="1"/>
      <line num="336" count="0" type="stmt"/>
      <line num="340" count="1" type="stmt"/>
      <line num="341" count="1" type="stmt"/>
      <line num="348" count="1" type="stmt"/>
      <line num="350" count="0" type="stmt"/>
      <line num="351" count="0" type="stmt"/>
      <line num="359" count="13" type="stmt"/>
      <line num="360" count="13" type="stmt"/>
      <line num="361" count="13" type="cond" truecount="2" falsecount="0"/>
      <line num="363" count="0" type="stmt"/>
      <line num="364" count="0" type="stmt"/>
      <line num="372" count="2" type="stmt"/>
      <line num="373" count="2" type="stmt"/>
      <line num="374" count="2" type="cond" truecount="1" falsecount="1"/>
      <line num="375" count="0" type="stmt"/>
      <line num="378" count="2" type="stmt"/>
      <line num="379" count="2" type="stmt"/>
      <line num="381" count="2" type="stmt"/>
      <line num="383" count="0" type="stmt"/>
      <line num="384" count="0" type="stmt"/>
      <line num="392" count="5" type="stmt"/>
      <line num="393" count="5" type="stmt"/>
      <line num="396" count="5" type="stmt"/>
      <line num="397" count="4" type="stmt"/>
      <line num="398" count="7" type="cond" truecount="4" falsecount="0"/>
      <line num="400" count="3" type="stmt"/>
      <line num="401" count="4" type="cond" truecount="2" falsecount="2"/>
      <line num="402" count="0" type="stmt"/>
      <line num="407" count="5" type="stmt"/>
      <line num="410" count="5" type="stmt"/>
      <line num="411" count="5" type="stmt"/>
      <line num="412" count="3" type="stmt"/>
      <line num="413" count="3" type="stmt"/>
      <line num="415" count="3" type="stmt"/>
      <line num="416" count="0" type="stmt"/>
      <line num="422" count="5" type="stmt"/>
      <line num="424" count="0" type="stmt"/>
    </file>
    <file name="procedureChecklistService.ts" path="/home/runner/work/gopr-uav-ops-manager/gopr-uav-ops-manager/goprUavOpsManager/services/procedureChecklistService.ts">
      <metrics statements="81" coveredstatements="25" conditionals="44" coveredconditionals="10" methods="10" coveredmethods="5"/>
      <line num="3" count="1" type="stmt"/>
      <line num="4" count="1" type="stmt"/>
      <line num="5" count="1" type="stmt"/>
      <line num="8" count="1" type="stmt"/>
      <line num="12" count="1" type="stmt"/>
      <line num="15" count="5" type="stmt"/>
      <line num="20" count="4" type="stmt"/>
      <line num="22" count="4" type="cond" truecount="2" falsecount="0"/>
      <line num="23" count="1" type="stmt"/>
      <line num="27" count="3" type="cond" truecount="4" falsecount="0"/>
      <line num="28" count="1" type="stmt"/>
      <line num="31" count="2" type="stmt"/>
      <line num="40" count="8" type="cond" truecount="2" falsecount="0"/>
      <line num="41" count="1" type="stmt"/>
      <line num="44" count="7" type="stmt"/>
      <line num="46" count="7" type="stmt"/>
      <line num="48" count="7" type="stmt"/>
      <line num="57" count="7" type="stmt"/>
      <line num="60" count="7" type="stmt"/>
      <line num="61" count="7" type="stmt"/>
      <line num="71" count="7" type="stmt"/>
      <line num="73" count="0" type="stmt"/>
      <line num="74" count="0" type="stmt"/>
      <line num="85" count="0" type="cond" truecount="0" falsecount="2"/>
      <line num="86" count="0" type="stmt"/>
      <line num="89" count="0" type="stmt"/>
      <line num="91" count="0" type="stmt"/>
      <line num="92" count="0" type="cond" truecount="0" falsecount="2"/>
      <line num="93" count="0" type="stmt"/>
      <line num="97" count="0" type="stmt"/>
      <line num="99" count="0" type="stmt"/>
      <line num="107" count="0" type="stmt"/>
      <line num="108" count="0" type="stmt"/>
      <line num="111" count="0" type="stmt"/>
      <line num="114" count="0" type="stmt"/>
      <line num="115" count="0" type="stmt"/>
      <line num="126" count="0" type="stmt"/>
      <line num="127" count="0" type="stmt"/>
      <line num="133" count="0" type="cond" truecount="0" falsecount="2"/>
      <line num="134" count="0" type="stmt"/>
      <line num="137" count="0" type="stmt"/>
      <line num="139" count="0" type="stmt"/>
      <line num="140" count="0" type="cond" truecount="0" falsecount="2"/>
      <line num="141" count="0" type="stmt"/>
      <line num="145" count="0" type="stmt"/>
      <line num="148" count="0" type="stmt"/>
      <line num="149" count="0" type="stmt"/>
      <line num="159" count="0" type="stmt"/>
      <line num="160" count="0" type="stmt"/>
      <line num="166" count="0" type="cond" truecount="0" falsecount="2"/>
      <line num="167" count="0" type="stmt"/>
      <line num="170" count="0" type="stmt"/>
      <line num="172" count="0" type="stmt"/>
      <line num="173" count="0" type="cond" truecount="0" falsecount="2"/>
      <line num="174" count="0" type="stmt"/>
      <line num="178" count="0" type="stmt"/>
      <line num="181" count="0" type="stmt"/>
      <line num="182" count="0" type="stmt"/>
      <line num="192" count="0" type="stmt"/>
      <line num="193" count="0" type="stmt"/>
      <line num="199" count="0" type="stmt"/>
      <line num="204" count="0" type="stmt"/>
      <line num="209" count="4" type="stmt"/>
      <line num="211" count="4" type="stmt"/>
      <line num="212" count="0" type="stmt"/>
      <line num="220" count="0" type="cond" truecount="0" falsecount="4"/>
      <line num="221" count="0" type="stmt"/>
      <line num="225" count="0" type="cond" truecount="0" falsecount="4"/>
      <line num="226" count="0" type="stmt"/>
      <line num="230" count="0" type="cond" truecount="0" falsecount="5"/>
      <line num="231" count="0" type="stmt"/>
      <line num="232" count="0" type="stmt"/>
      <line num="233" count="0" type="stmt"/>
      <line num="235" count="0" type="stmt"/>
      <line num="238" count="0" type="cond" truecount="0" falsecount="5"/>
      <line num="240" count="0" type="stmt"/>
      <line num="241" count="0" type="cond" truecount="0" falsecount="4"/>
      <line num="243" count="0" type="stmt"/>
      <line num="247" count="0" type="stmt"/>
      <line num="250" count="4" type="stmt"/>
      <line num="255" count="18" type="cond" truecount="2" falsecount="0"/>
    </file>
    <file name="userService.ts" path="/home/runner/work/gopr-uav-ops-manager/gopr-uav-ops-manager/goprUavOpsManager/services/userService.ts">
      <metrics statements="42" coveredstatements="27" conditionals="31" coveredconditionals="24" methods="8" coveredmethods="4"/>
      <line num="2" count="1" type="stmt"/>
      <line num="3" count="1" type="stmt"/>
      <line num="4" count="1" type="stmt"/>
      <line num="5" count="1" type="stmt"/>
      <line num="7" count="1" type="stmt"/>
      <line num="10" count="10" type="cond" truecount="4" falsecount="0"/>
      <line num="11" count="3" type="stmt"/>
      <line num="14" count="7" type="stmt"/>
      <line num="20" count="9" type="cond" truecount="5" falsecount="0"/>
      <line num="21" count="2" type="stmt"/>
      <line num="24" count="7" type="stmt"/>
      <line num="35" count="9" type="cond" truecount="5" falsecount="0"/>
      <line num="36" count="1" type="stmt"/>
      <line num="40" count="8" type="cond" truecount="4" falsecount="0"/>
      <line num="41" count="2" type="stmt"/>
      <line num="45" count="6" type="stmt"/>
      <line num="46" count="6" type="cond" truecount="2" falsecount="0"/>
      <line num="47" count="1" type="stmt"/>
      <line num="50" count="5" type="stmt"/>
      <line num="53" count="5" type="stmt"/>
      <line num="61" count="5" type="stmt"/>
      <line num="64" count="5" type="stmt"/>
      <line num="65" count="6" type="cond" truecount="4" falsecount="1"/>
      <line num="67" count="0" type="stmt"/>
      <line num="68" count="0" type="stmt"/>
      <line num="69" count="0" type="cond" truecount="0" falsecount="2"/>
      <line num="71" count="6" type="stmt"/>
      <line num="76" count="5" type="stmt"/>
      <line num="79" count="5" type="stmt"/>
      <line num="80" count="5" type="stmt"/>
      <line num="91" count="0" type="stmt"/>
      <line num="92" count="0" type="stmt"/>
      <line num="98" count="0" type="stmt"/>
      <line num="104" count="0" type="stmt"/>
      <line num="105" count="0" type="stmt"/>
      <line num="108" count="0" type="cond" truecount="0" falsecount="4"/>
      <line num="112" count="0" type="stmt"/>
      <line num="119" count="0" type="stmt"/>
      <line num="121" count="0" type="stmt"/>
      <line num="133" count="0" type="stmt"/>
      <line num="134" count="0" type="stmt"/>
      <line num="139" count="0" type="stmt"/>
    </file>
  </project>
</coverage>
