{"/home/runner/work/gopr-uav-ops-manager/gopr-uav-ops-manager/goprUavOpsManager/services/auditLogService.ts": {"path":"/home/runner/work/gopr-uav-ops-manager/gopr-uav-ops-manager/goprUavOpsManager/services/auditLogService.ts","statementMap":{"0":{"start":{"line":2,"column":0},"end":{"line":2,"column":66}},"1":{"start":{"line":3,"column":0},"end":{"line":3,"column":59}},"2":{"start":{"line":4,"column":0},"end":{"line":4,"column":69}},"3":{"start":{"line":11,"column":4},"end":{"line":27,"column":5}},"4":{"start":{"line":12,"column":23},"end":{"line":12,"column":56}},"5":{"start":{"line":14,"column":32},"end":{"line":17,"column":8}},"6":{"start":{"line":19,"column":20},"end":{"line":19,"column":78}},"7":{"start":{"line":21,"column":6},"end":{"line":21,"column":293}},"8":{"start":{"line":22,"column":6},"end":{"line":22,"column":19}},"9":{"start":{"line":24,"column":6},"end":{"line":24,"column":56}},"10":{"start":{"line":26,"column":6},"end":{"line":26,"column":16}},"11":{"start":{"line":34,"column":4},"end":{"line":34,"column":56}},"12":{"start":{"line":41,"column":4},"end":{"line":41,"column":65}},"13":{"start":{"line":48,"column":4},"end":{"line":48,"column":78}},"14":{"start":{"line":55,"column":4},"end":{"line":55,"column":56}},"15":{"start":{"line":62,"column":4},"end":{"line":64,"column":5}},"16":{"start":{"line":63,"column":6},"end":{"line":63,"column":39}},"17":{"start":{"line":66,"column":4},"end":{"line":68,"column":5}},"18":{"start":{"line":67,"column":6},"end":{"line":67,"column":37}},"19":{"start":{"line":70,"column":4},"end":{"line":72,"column":5}},"20":{"start":{"line":71,"column":6},"end":{"line":71,"column":37}},"21":{"start":{"line":74,"column":4},"end":{"line":76,"column":5}},"22":{"start":{"line":75,"column":6},"end":{"line":75,"column":38}},"23":{"start":{"line":78,"column":4},"end":{"line":85,"column":5}},"24":{"start":{"line":80,"column":30},"end":{"line":80,"column":69}},"25":{"start":{"line":82,"column":6},"end":{"line":84,"column":7}},"26":{"start":{"line":83,"column":8},"end":{"line":83,"column":46}},"27":{"start":{"line":87,"column":4},"end":{"line":87,"column":36}},"28":{"start":{"line":6,"column":0},"end":{"line":6,"column":13}}},"fnMap":{"0":{"name":"(anonymous_0)","decl":{"start":{"line":10,"column":2},"end":{"line":10,"column":8}},"loc":{"start":{"line":10,"column":120},"end":{"line":28,"column":3}}},"1":{"name":"(anonymous_1)","decl":{"start":{"line":33,"column":2},"end":{"line":33,"column":8}},"loc":{"start":{"line":33,"column":55},"end":{"line":35,"column":3}}},"2":{"name":"(anonymous_2)","decl":{"start":{"line":40,"column":2},"end":{"line":40,"column":8}},"loc":{"start":{"line":40,"column":64},"end":{"line":42,"column":3}}},"3":{"name":"(anonymous_3)","decl":{"start":{"line":47,"column":2},"end":{"line":47,"column":8}},"loc":{"start":{"line":47,"column":90},"end":{"line":49,"column":3}}},"4":{"name":"(anonymous_4)","decl":{"start":{"line":54,"column":2},"end":{"line":54,"column":8}},"loc":{"start":{"line":54,"column":53},"end":{"line":56,"column":3}}},"5":{"name":"(anonymous_5)","decl":{"start":{"line":61,"column":2},"end":{"line":61,"column":8}},"loc":{"start":{"line":61,"column":104},"end":{"line":88,"column":3}}}},"branchMap":{"0":{"loc":{"start":{"line":21,"column":112},"end":{"line":21,"column":151}},"type":"binary-expr","locations":[{"start":{"line":21,"column":112},"end":{"line":21,"column":131}},{"start":{"line":21,"column":135},"end":{"line":21,"column":151}}]},"1":{"loc":{"start":{"line":21,"column":219},"end":{"line":21,"column":288}},"type":"cond-expr","locations":[{"start":{"line":21,"column":241},"end":{"line":21,"column":283}},{"start":{"line":21,"column":286},"end":{"line":21,"column":288}}]},"2":{"loc":{"start":{"line":47,"column":72},"end":{"line":47,"column":90}},"type":"default-arg","locations":[{"start":{"line":47,"column":88},"end":{"line":47,"column":90}}]},"3":{"loc":{"start":{"line":54,"column":34},"end":{"line":54,"column":53}},"type":"default-arg","locations":[{"start":{"line":54,"column":50},"end":{"line":54,"column":53}}]},"4":{"loc":{"start":{"line":62,"column":4},"end":{"line":64,"column":5}},"type":"if","locations":[{"start":{"line":62,"column":4},"end":{"line":64,"column":5}},{"start":{},"end":{}}]},"5":{"loc":{"start":{"line":66,"column":4},"end":{"line":68,"column":5}},"type":"if","locations":[{"start":{"line":66,"column":4},"end":{"line":68,"column":5}},{"start":{},"end":{}}]},"6":{"loc":{"start":{"line":70,"column":4},"end":{"line":72,"column":5}},"type":"if","locations":[{"start":{"line":70,"column":4},"end":{"line":72,"column":5}},{"start":{},"end":{}}]},"7":{"loc":{"start":{"line":74,"column":4},"end":{"line":76,"column":5}},"type":"if","locations":[{"start":{"line":74,"column":4},"end":{"line":76,"column":5}},{"start":{},"end":{}}]},"8":{"loc":{"start":{"line":78,"column":4},"end":{"line":85,"column":5}},"type":"if","locations":[{"start":{"line":78,"column":4},"end":{"line":85,"column":5}},{"start":{},"end":{}}]},"9":{"loc":{"start":{"line":78,"column":8},"end":{"line":78,"column":60}},"type":"binary-expr","locations":[{"start":{"line":78,"column":8},"end":{"line":78,"column":25}},{"start":{"line":78,"column":29},"end":{"line":78,"column":45}},{"start":{"line":78,"column":49},"end":{"line":78,"column":60}}]},"10":{"loc":{"start":{"line":82,"column":6},"end":{"line":84,"column":7}},"type":"if","locations":[{"start":{"line":82,"column":6},"end":{"line":84,"column":7}},{"start":{},"end":{}}]}},"s":{"0":1,"1":1,"2":1,"3":9,"4":9,"5":8,"6":8,"7":6,"8":6,"9":3,"10":3,"11":2,"12":1,"13":2,"14":2,"15":4,"16":1,"17":3,"18":1,"19":2,"20":1,"21":1,"22":0,"23":1,"24":1,"25":1,"26":1,"27":0,"28":1},"f":{"0":9,"1":2,"2":1,"3":2,"4":2,"5":4},"b":{"0":[6,3],"1":[5,1],"2":[1],"3":[1],"4":[1,3],"5":[1,2],"6":[1,1],"7":[0,1],"8":[1,0],"9":[1,1,1],"10":[1,0]}}
,"/home/runner/work/gopr-uav-ops-manager/gopr-uav-ops-manager/goprUavOpsManager/services/droneService.ts": {"path":"/home/runner/work/gopr-uav-ops-manager/gopr-uav-ops-manager/goprUavOpsManager/services/droneService.ts","statementMap":{"0":{"start":{"line":2,"column":0},"end":{"line":2,"column":52}},"1":{"start":{"line":3,"column":0},"end":{"line":3,"column":44}},"2":{"start":{"line":4,"column":0},"end":{"line":4,"column":46}},"3":{"start":{"line":6,"column":0},"end":{"line":6,"column":63}},"4":{"start":{"line":11,"column":19},"end":{"line":11,"column":60}},"5":{"start":{"line":14,"column":4},"end":{"line":14,"column":70}},"6":{"start":{"line":14,"column":31},"end":{"line":14,"column":68}},"7":{"start":{"line":19,"column":18},"end":{"line":19,"column":52}},"8":{"start":{"line":21,"column":4},"end":{"line":23,"column":5}},"9":{"start":{"line":22,"column":6},"end":{"line":22,"column":18}},"10":{"start":{"line":26,"column":4},"end":{"line":28,"column":5}},"11":{"start":{"line":27,"column":6},"end":{"line":27,"column":18}},"12":{"start":{"line":31,"column":26},"end":{"line":31,"column":63}},"13":{"start":{"line":33,"column":4},"end":{"line":33,"column":25}},"14":{"start":{"line":38,"column":4},"end":{"line":40,"column":5}},"15":{"start":{"line":39,"column":6},"end":{"line":39,"column":66}},"16":{"start":{"line":42,"column":4},"end":{"line":87,"column":5}},"17":{"start":{"line":44,"column":21},"end":{"line":44,"column":41}},"18":{"start":{"line":47,"column":38},"end":{"line":47,"column":40}},"19":{"start":{"line":48,"column":6},"end":{"line":54,"column":7}},"20":{"start":{"line":49,"column":8},"end":{"line":53,"column":10}},"21":{"start":{"line":57,"column":51},"end":{"line":57,"column":53}},"22":{"start":{"line":58,"column":6},"end":{"line":60,"column":7}},"23":{"start":{"line":59,"column":8},"end":{"line":59,"column":107}},"24":{"start":{"line":63,"column":33},"end":{"line":67,"column":8}},"25":{"start":{"line":69,"column":20},"end":{"line":69,"column":81}},"26":{"start":{"line":72,"column":24},"end":{"line":72,"column":62}},"27":{"start":{"line":73,"column":6},"end":{"line":81,"column":9}},"28":{"start":{"line":83,"column":6},"end":{"line":83,"column":19}},"29":{"start":{"line":85,"column":6},"end":{"line":85,"column":52}},"30":{"start":{"line":86,"column":6},"end":{"line":86,"column":48}},"31":{"start":{"line":92,"column":4},"end":{"line":94,"column":5}},"32":{"start":{"line":93,"column":6},"end":{"line":93,"column":66}},"33":{"start":{"line":96,"column":4},"end":{"line":162,"column":5}},"34":{"start":{"line":98,"column":27},"end":{"line":98,"column":61}},"35":{"start":{"line":99,"column":6},"end":{"line":101,"column":7}},"36":{"start":{"line":100,"column":8},"end":{"line":100,"column":43}},"37":{"start":{"line":104,"column":6},"end":{"line":106,"column":7}},"38":{"start":{"line":105,"column":8},"end":{"line":105,"column":55}},"39":{"start":{"line":109,"column":26},"end":{"line":109,"column":42}},"40":{"start":{"line":110,"column":6},"end":{"line":130,"column":7}},"41":{"start":{"line":111,"column":8},"end":{"line":115,"column":10}},"42":{"start":{"line":118,"column":26},"end":{"line":118,"column":51}},"43":{"start":{"line":119,"column":26},"end":{"line":119,"column":46}},"44":{"start":{"line":120,"column":31},"end":{"line":120,"column":86}},"45":{"start":{"line":120,"column":58},"end":{"line":120,"column":85}},"46":{"start":{"line":123,"column":8},"end":{"line":129,"column":11}},"47":{"start":{"line":124,"column":10},"end":{"line":128,"column":11}},"48":{"start":{"line":125,"column":12},"end":{"line":125,"column":53}},"49":{"start":{"line":127,"column":12},"end":{"line":127,"column":73}},"50":{"start":{"line":133,"column":6},"end":{"line":138,"column":7}},"51":{"start":{"line":134,"column":8},"end":{"line":134,"column":116}},"52":{"start":{"line":137,"column":8},"end":{"line":137,"column":114}},"53":{"start":{"line":141,"column":29},"end":{"line":141,"column":48}},"54":{"start":{"line":142,"column":24},"end":{"line":142,"column":61}},"55":{"start":{"line":145,"column":6},"end":{"line":145,"column":67}},"56":{"start":{"line":148,"column":24},"end":{"line":148,"column":62}},"57":{"start":{"line":149,"column":6},"end":{"line":158,"column":9}},"58":{"start":{"line":160,"column":6},"end":{"line":160,"column":52}},"59":{"start":{"line":161,"column":6},"end":{"line":161,"column":48}},"60":{"start":{"line":167,"column":4},"end":{"line":169,"column":5}},"61":{"start":{"line":168,"column":6},"end":{"line":168,"column":66}},"62":{"start":{"line":171,"column":4},"end":{"line":195,"column":5}},"63":{"start":{"line":173,"column":27},"end":{"line":173,"column":61}},"64":{"start":{"line":174,"column":6},"end":{"line":176,"column":7}},"65":{"start":{"line":175,"column":8},"end":{"line":175,"column":43}},"66":{"start":{"line":179,"column":6},"end":{"line":179,"column":56}},"67":{"start":{"line":182,"column":24},"end":{"line":182,"column":62}},"68":{"start":{"line":183,"column":6},"end":{"line":191,"column":9}},"69":{"start":{"line":193,"column":6},"end":{"line":193,"column":52}},"70":{"start":{"line":194,"column":6},"end":{"line":194,"column":48}},"71":{"start":{"line":200,"column":4},"end":{"line":202,"column":5}},"72":{"start":{"line":201,"column":6},"end":{"line":201,"column":67}},"73":{"start":{"line":204,"column":4},"end":{"line":228,"column":5}},"74":{"start":{"line":206,"column":27},"end":{"line":206,"column":61}},"75":{"start":{"line":207,"column":6},"end":{"line":209,"column":7}},"76":{"start":{"line":208,"column":8},"end":{"line":208,"column":43}},"77":{"start":{"line":212,"column":6},"end":{"line":212,"column":53}},"78":{"start":{"line":215,"column":24},"end":{"line":215,"column":62}},"79":{"start":{"line":216,"column":6},"end":{"line":224,"column":9}},"80":{"start":{"line":226,"column":6},"end":{"line":226,"column":53}},"81":{"start":{"line":227,"column":6},"end":{"line":227,"column":49}},"82":{"start":{"line":234,"column":4},"end":{"line":236,"column":5}},"83":{"start":{"line":235,"column":6},"end":{"line":235,"column":19}},"84":{"start":{"line":239,"column":4},"end":{"line":251,"column":5}},"85":{"start":{"line":240,"column":47},"end":{"line":244,"column":8}},"86":{"start":{"line":246,"column":6},"end":{"line":250,"column":8}},"87":{"start":{"line":254,"column":4},"end":{"line":257,"column":6}},"88":{"start":{"line":262,"column":4},"end":{"line":264,"column":5}},"89":{"start":{"line":263,"column":6},"end":{"line":263,"column":16}},"90":{"start":{"line":266,"column":50},"end":{"line":266,"column":52}},"91":{"start":{"line":268,"column":4},"end":{"line":299,"column":5}},"92":{"start":{"line":269,"column":29},"end":{"line":269,"column":31}},"93":{"start":{"line":271,"column":6},"end":{"line":293,"column":7}},"94":{"start":{"line":272,"column":28},"end":{"line":272,"column":39}},"95":{"start":{"line":275,"column":8},"end":{"line":290,"column":9}},"96":{"start":{"line":276,"column":10},"end":{"line":289,"column":11}},"97":{"start":{"line":277,"column":37},"end":{"line":280,"column":null}},"98":{"start":{"line":282,"column":12},"end":{"line":282,"column":51}},"99":{"start":{"line":284,"column":12},"end":{"line":284,"column":69}},"100":{"start":{"line":287,"column":51},"end":{"line":287,"column":64}},"101":{"start":{"line":288,"column":12},"end":{"line":288,"column":45}},"102":{"start":{"line":292,"column":8},"end":{"line":292,"column":43}},"103":{"start":{"line":295,"column":6},"end":{"line":298,"column":9}},"104":{"start":{"line":301,"column":4},"end":{"line":301,"column":29}},"105":{"start":{"line":307,"column":32},"end":{"line":307,"column":34}},"106":{"start":{"line":308,"column":4},"end":{"line":314,"column":7}},"107":{"start":{"line":309,"column":6},"end":{"line":313,"column":9}},"108":{"start":{"line":310,"column":8},"end":{"line":312,"column":9}},"109":{"start":{"line":311,"column":10},"end":{"line":311,"column":37}},"110":{"start":{"line":316,"column":32},"end":{"line":316,"column":34}},"111":{"start":{"line":317,"column":4},"end":{"line":323,"column":7}},"112":{"start":{"line":318,"column":6},"end":{"line":322,"column":9}},"113":{"start":{"line":319,"column":8},"end":{"line":321,"column":9}},"114":{"start":{"line":320,"column":10},"end":{"line":320,"column":37}},"115":{"start":{"line":325,"column":27},"end":{"line":325,"column":82}},"116":{"start":{"line":325,"column":54},"end":{"line":325,"column":81}},"117":{"start":{"line":328,"column":4},"end":{"line":334,"column":7}},"118":{"start":{"line":329,"column":6},"end":{"line":333,"column":7}},"119":{"start":{"line":330,"column":8},"end":{"line":330,"column":49}},"120":{"start":{"line":332,"column":8},"end":{"line":332,"column":79}},"121":{"start":{"line":339,"column":4},"end":{"line":339,"column":58}},"122":{"start":{"line":344,"column":4},"end":{"line":344,"column":32}},"123":{"start":{"line":349,"column":4},"end":{"line":351,"column":5}},"124":{"start":{"line":350,"column":6},"end":{"line":350,"column":29}},"125":{"start":{"line":352,"column":18},"end":{"line":352,"column":42}},"126":{"start":{"line":353,"column":29},"end":{"line":353,"column":41}},"127":{"start":{"line":354,"column":4},"end":{"line":356,"column":5}},"128":{"start":{"line":355,"column":6},"end":{"line":355,"column":25}},"129":{"start":{"line":357,"column":4},"end":{"line":357,"column":46}},"130":{"start":{"line":362,"column":4},"end":{"line":364,"column":5}},"131":{"start":{"line":363,"column":6},"end":{"line":363,"column":34}},"132":{"start":{"line":365,"column":18},"end":{"line":365,"column":42}},"133":{"start":{"line":366,"column":29},"end":{"line":366,"column":41}},"134":{"start":{"line":367,"column":4},"end":{"line":369,"column":5}},"135":{"start":{"line":368,"column":6},"end":{"line":368,"column":30}},"136":{"start":{"line":370,"column":4},"end":{"line":370,"column":56}},"137":{"start":{"line":375,"column":4},"end":{"line":377,"column":5}},"138":{"start":{"line":376,"column":6},"end":{"line":376,"column":25}},"139":{"start":{"line":378,"column":15},"end":{"line":378,"column":40}},"140":{"start":{"line":379,"column":4},"end":{"line":379,"column":21}},"141":{"start":{"line":384,"column":4},"end":{"line":386,"column":5}},"142":{"start":{"line":385,"column":6},"end":{"line":385,"column":26}},"143":{"start":{"line":387,"column":15},"end":{"line":387,"column":41}},"144":{"start":{"line":388,"column":4},"end":{"line":388,"column":21}},"145":{"start":{"line":394,"column":4},"end":{"line":399,"column":5}},"146":{"start":{"line":395,"column":23},"end":{"line":395,"column":47}},"147":{"start":{"line":396,"column":22},"end":{"line":396,"column":45}},"148":{"start":{"line":397,"column":23},"end":{"line":397,"column":47}},"149":{"start":{"line":398,"column":6},"end":{"line":398,"column":57}},"150":{"start":{"line":400,"column":4},"end":{"line":400,"column":49}},"151":{"start":{"line":405,"column":4},"end":{"line":407,"column":5}},"152":{"start":{"line":406,"column":6},"end":{"line":406,"column":54}},"153":{"start":{"line":409,"column":4},"end":{"line":409,"column":22}},"154":{"start":{"line":8,"column":0},"end":{"line":8,"column":13}}},"fnMap":{"0":{"name":"(anonymous_0)","decl":{"start":{"line":10,"column":2},"end":{"line":10,"column":8}},"loc":{"start":{"line":10,"column":43},"end":{"line":15,"column":3}}},"1":{"name":"(anonymous_1)","decl":{"start":{"line":14,"column":22},"end":{"line":14,"column":27}},"loc":{"start":{"line":14,"column":31},"end":{"line":14,"column":68}}},"2":{"name":"(anonymous_2)","decl":{"start":{"line":18,"column":2},"end":{"line":18,"column":8}},"loc":{"start":{"line":18,"column":54},"end":{"line":34,"column":3}}},"3":{"name":"(anonymous_3)","decl":{"start":{"line":37,"column":2},"end":{"line":37,"column":8}},"loc":{"start":{"line":37,"column":147},"end":{"line":88,"column":3}}},"4":{"name":"(anonymous_4)","decl":{"start":{"line":91,"column":2},"end":{"line":91,"column":8}},"loc":{"start":{"line":91,"column":100},"end":{"line":163,"column":3}}},"5":{"name":"(anonymous_5)","decl":{"start":{"line":120,"column":48},"end":{"line":120,"column":54}},"loc":{"start":{"line":120,"column":58},"end":{"line":120,"column":85}}},"6":{"name":"(anonymous_6)","decl":{"start":{"line":123,"column":31},"end":{"line":123,"column":36}},"loc":{"start":{"line":123,"column":50},"end":{"line":129,"column":9}}},"7":{"name":"(anonymous_7)","decl":{"start":{"line":166,"column":2},"end":{"line":166,"column":8}},"loc":{"start":{"line":166,"column":77},"end":{"line":196,"column":3}}},"8":{"name":"(anonymous_8)","decl":{"start":{"line":199,"column":2},"end":{"line":199,"column":8}},"loc":{"start":{"line":199,"column":74},"end":{"line":229,"column":3}}},"9":{"name":"(anonymous_9)","decl":{"start":{"line":232,"column":10},"end":{"line":232,"column":16}},"loc":{"start":{"line":232,"column":55},"end":{"line":258,"column":3}}},"10":{"name":"(anonymous_10)","decl":{"start":{"line":261,"column":10},"end":{"line":261,"column":16}},"loc":{"start":{"line":261,"column":98},"end":{"line":302,"column":3}}},"11":{"name":"(anonymous_11)","decl":{"start":{"line":305,"column":10},"end":{"line":305,"column":16}},"loc":{"start":{"line":305,"column":127},"end":{"line":335,"column":3}}},"12":{"name":"(anonymous_12)","decl":{"start":{"line":308,"column":24},"end":{"line":308,"column":31}},"loc":{"start":{"line":308,"column":34},"end":{"line":314,"column":5}}},"13":{"name":"(anonymous_13)","decl":{"start":{"line":309,"column":28},"end":{"line":309,"column":32}},"loc":{"start":{"line":309,"column":35},"end":{"line":313,"column":7}}},"14":{"name":"(anonymous_14)","decl":{"start":{"line":317,"column":24},"end":{"line":317,"column":31}},"loc":{"start":{"line":317,"column":34},"end":{"line":323,"column":5}}},"15":{"name":"(anonymous_15)","decl":{"start":{"line":318,"column":28},"end":{"line":318,"column":32}},"loc":{"start":{"line":318,"column":35},"end":{"line":322,"column":7}}},"16":{"name":"(anonymous_16)","decl":{"start":{"line":325,"column":44},"end":{"line":325,"column":50}},"loc":{"start":{"line":325,"column":54},"end":{"line":325,"column":81}}},"17":{"name":"(anonymous_17)","decl":{"start":{"line":328,"column":27},"end":{"line":328,"column":32}},"loc":{"start":{"line":328,"column":46},"end":{"line":334,"column":5}}},"18":{"name":"(anonymous_18)","decl":{"start":{"line":338,"column":10},"end":{"line":338,"column":16}},"loc":{"start":{"line":338,"column":51},"end":{"line":340,"column":3}}},"19":{"name":"(anonymous_19)","decl":{"start":{"line":343,"column":2},"end":{"line":343,"column":8}},"loc":{"start":{"line":343,"column":48},"end":{"line":345,"column":3}}},"20":{"name":"(anonymous_20)","decl":{"start":{"line":348,"column":2},"end":{"line":348,"column":8}},"loc":{"start":{"line":348,"column":41},"end":{"line":358,"column":3}}},"21":{"name":"(anonymous_21)","decl":{"start":{"line":361,"column":2},"end":{"line":361,"column":8}},"loc":{"start":{"line":361,"column":44},"end":{"line":371,"column":3}}},"22":{"name":"(anonymous_22)","decl":{"start":{"line":374,"column":2},"end":{"line":374,"column":8}},"loc":{"start":{"line":374,"column":35},"end":{"line":380,"column":3}}},"23":{"name":"(anonymous_23)","decl":{"start":{"line":383,"column":2},"end":{"line":383,"column":8}},"loc":{"start":{"line":383,"column":35},"end":{"line":389,"column":3}}},"24":{"name":"(anonymous_24)","decl":{"start":{"line":392,"column":2},"end":{"line":392,"column":8}},"loc":{"start":{"line":392,"column":71},"end":{"line":401,"column":3}}},"25":{"name":"(anonymous_25)","decl":{"start":{"line":404,"column":2},"end":{"line":404,"column":8}},"loc":{"start":{"line":404,"column":37},"end":{"line":410,"column":3}}}},"branchMap":{"0":{"loc":{"start":{"line":21,"column":4},"end":{"line":23,"column":5}},"type":"if","locations":[{"start":{"line":21,"column":4},"end":{"line":23,"column":5}},{"start":{},"end":{}}]},"1":{"loc":{"start":{"line":26,"column":4},"end":{"line":28,"column":5}},"type":"if","locations":[{"start":{"line":26,"column":4},"end":{"line":28,"column":5}},{"start":{},"end":{}}]},"2":{"loc":{"start":{"line":26,"column":8},"end":{"line":26,"column":47}},"type":"binary-expr","locations":[{"start":{"line":26,"column":8},"end":{"line":26,"column":23}},{"start":{"line":26,"column":27},"end":{"line":26,"column":47}}]},"3":{"loc":{"start":{"line":38,"column":4},"end":{"line":40,"column":5}},"type":"if","locations":[{"start":{"line":38,"column":4},"end":{"line":40,"column":5}},{"start":{},"end":{}}]},"4":{"loc":{"start":{"line":48,"column":6},"end":{"line":54,"column":7}},"type":"if","locations":[{"start":{"line":48,"column":6},"end":{"line":54,"column":7}},{"start":{},"end":{}}]},"5":{"loc":{"start":{"line":48,"column":10},"end":{"line":48,"column":57}},"type":"binary-expr","locations":[{"start":{"line":48,"column":10},"end":{"line":48,"column":26}},{"start":{"line":48,"column":30},"end":{"line":48,"column":57}}]},"6":{"loc":{"start":{"line":58,"column":6},"end":{"line":60,"column":7}},"type":"if","locations":[{"start":{"line":58,"column":6},"end":{"line":60,"column":7}},{"start":{},"end":{}}]},"7":{"loc":{"start":{"line":58,"column":10},"end":{"line":58,"column":79}},"type":"binary-expr","locations":[{"start":{"line":58,"column":10},"end":{"line":58,"column":37}},{"start":{"line":58,"column":41},"end":{"line":58,"column":79}}]},"8":{"loc":{"start":{"line":92,"column":4},"end":{"line":94,"column":5}},"type":"if","locations":[{"start":{"line":92,"column":4},"end":{"line":94,"column":5}},{"start":{},"end":{}}]},"9":{"loc":{"start":{"line":99,"column":6},"end":{"line":101,"column":7}},"type":"if","locations":[{"start":{"line":99,"column":6},"end":{"line":101,"column":7}},{"start":{},"end":{}}]},"10":{"loc":{"start":{"line":104,"column":6},"end":{"line":106,"column":7}},"type":"if","locations":[{"start":{"line":104,"column":6},"end":{"line":106,"column":7}},{"start":{},"end":{}}]},"11":{"loc":{"start":{"line":104,"column":10},"end":{"line":104,"column":56}},"type":"binary-expr","locations":[{"start":{"line":104,"column":10},"end":{"line":104,"column":32}},{"start":{"line":104,"column":36},"end":{"line":104,"column":56}}]},"12":{"loc":{"start":{"line":110,"column":6},"end":{"line":130,"column":7}},"type":"if","locations":[{"start":{"line":110,"column":6},"end":{"line":130,"column":7}},{"start":{},"end":{}}]},"13":{"loc":{"start":{"line":118,"column":26},"end":{"line":118,"column":51}},"type":"binary-expr","locations":[{"start":{"line":118,"column":26},"end":{"line":118,"column":45}},{"start":{"line":118,"column":49},"end":{"line":118,"column":51}}]},"14":{"loc":{"start":{"line":133,"column":6},"end":{"line":138,"column":7}},"type":"if","locations":[{"start":{"line":133,"column":6},"end":{"line":138,"column":7}},{"start":{},"end":{}}]},"15":{"loc":{"start":{"line":167,"column":4},"end":{"line":169,"column":5}},"type":"if","locations":[{"start":{"line":167,"column":4},"end":{"line":169,"column":5}},{"start":{},"end":{}}]},"16":{"loc":{"start":{"line":174,"column":6},"end":{"line":176,"column":7}},"type":"if","locations":[{"start":{"line":174,"column":6},"end":{"line":176,"column":7}},{"start":{},"end":{}}]},"17":{"loc":{"start":{"line":200,"column":4},"end":{"line":202,"column":5}},"type":"if","locations":[{"start":{"line":200,"column":4},"end":{"line":202,"column":5}},{"start":{},"end":{}}]},"18":{"loc":{"start":{"line":207,"column":6},"end":{"line":209,"column":7}},"type":"if","locations":[{"start":{"line":207,"column":6},"end":{"line":209,"column":7}},{"start":{},"end":{}}]},"19":{"loc":{"start":{"line":234,"column":4},"end":{"line":236,"column":5}},"type":"if","locations":[{"start":{"line":234,"column":4},"end":{"line":236,"column":5}},{"start":{},"end":{}}]},"20":{"loc":{"start":{"line":234,"column":8},"end":{"line":234,"column":69}},"type":"binary-expr","locations":[{"start":{"line":234,"column":8},"end":{"line":234,"column":31}},{"start":{"line":234,"column":35},"end":{"line":234,"column":69}}]},"21":{"loc":{"start":{"line":239,"column":4},"end":{"line":251,"column":5}},"type":"if","locations":[{"start":{"line":239,"column":4},"end":{"line":251,"column":5}},{"start":{},"end":{}}]},"22":{"loc":{"start":{"line":239,"column":8},"end":{"line":239,"column":61}},"type":"binary-expr","locations":[{"start":{"line":239,"column":8},"end":{"line":239,"column":27}},{"start":{"line":239,"column":31},"end":{"line":239,"column":61}}]},"23":{"loc":{"start":{"line":262,"column":4},"end":{"line":264,"column":5}},"type":"if","locations":[{"start":{"line":262,"column":4},"end":{"line":264,"column":5}},{"start":{},"end":{}}]},"24":{"loc":{"start":{"line":262,"column":8},"end":{"line":262,"column":42}},"type":"binary-expr","locations":[{"start":{"line":262,"column":8},"end":{"line":262,"column":17}},{"start":{"line":262,"column":21},"end":{"line":262,"column":42}}]},"25":{"loc":{"start":{"line":275,"column":8},"end":{"line":290,"column":9}},"type":"if","locations":[{"start":{"line":275,"column":8},"end":{"line":290,"column":9}},{"start":{},"end":{}}]},"26":{"loc":{"start":{"line":275,"column":12},"end":{"line":275,"column":60}},"type":"binary-expr","locations":[{"start":{"line":275,"column":12},"end":{"line":275,"column":22}},{"start":{"line":275,"column":26},"end":{"line":275,"column":60}}]},"27":{"loc":{"start":{"line":305,"column":53},"end":{"line":305,"column":89}},"type":"default-arg","locations":[{"start":{"line":305,"column":87},"end":{"line":305,"column":89}}]},"28":{"loc":{"start":{"line":305,"column":91},"end":{"line":305,"column":127}},"type":"default-arg","locations":[{"start":{"line":305,"column":125},"end":{"line":305,"column":127}}]},"29":{"loc":{"start":{"line":310,"column":8},"end":{"line":312,"column":9}},"type":"if","locations":[{"start":{"line":310,"column":8},"end":{"line":312,"column":9}},{"start":{},"end":{}}]},"30":{"loc":{"start":{"line":310,"column":12},"end":{"line":310,"column":59}},"type":"binary-expr","locations":[{"start":{"line":310,"column":12},"end":{"line":310,"column":22}},{"start":{"line":310,"column":26},"end":{"line":310,"column":59}}]},"31":{"loc":{"start":{"line":319,"column":8},"end":{"line":321,"column":9}},"type":"if","locations":[{"start":{"line":319,"column":8},"end":{"line":321,"column":9}},{"start":{},"end":{}}]},"32":{"loc":{"start":{"line":319,"column":12},"end":{"line":319,"column":59}},"type":"binary-expr","locations":[{"start":{"line":319,"column":12},"end":{"line":319,"column":22}},{"start":{"line":319,"column":26},"end":{"line":319,"column":59}}]},"33":{"loc":{"start":{"line":339,"column":11},"end":{"line":339,"column":57}},"type":"binary-expr","locations":[{"start":{"line":339,"column":11},"end":{"line":339,"column":33}},{"start":{"line":339,"column":37},"end":{"line":339,"column":57}}]},"34":{"loc":{"start":{"line":349,"column":4},"end":{"line":351,"column":5}},"type":"if","locations":[{"start":{"line":349,"column":4},"end":{"line":351,"column":5}},{"start":{},"end":{}}]},"35":{"loc":{"start":{"line":354,"column":4},"end":{"line":356,"column":5}},"type":"if","locations":[{"start":{"line":354,"column":4},"end":{"line":356,"column":5}},{"start":{},"end":{}}]},"36":{"loc":{"start":{"line":362,"column":4},"end":{"line":364,"column":5}},"type":"if","locations":[{"start":{"line":362,"column":4},"end":{"line":364,"column":5}},{"start":{},"end":{}}]},"37":{"loc":{"start":{"line":367,"column":4},"end":{"line":369,"column":5}},"type":"if","locations":[{"start":{"line":367,"column":4},"end":{"line":369,"column":5}},{"start":{},"end":{}}]},"38":{"loc":{"start":{"line":375,"column":4},"end":{"line":377,"column":5}},"type":"if","locations":[{"start":{"line":375,"column":4},"end":{"line":377,"column":5}},{"start":{},"end":{}}]},"39":{"loc":{"start":{"line":384,"column":4},"end":{"line":386,"column":5}},"type":"if","locations":[{"start":{"line":384,"column":4},"end":{"line":386,"column":5}},{"start":{},"end":{}}]},"40":{"loc":{"start":{"line":394,"column":4},"end":{"line":399,"column":5}},"type":"if","locations":[{"start":{"line":394,"column":4},"end":{"line":399,"column":5}},{"start":{},"end":{}}]},"41":{"loc":{"start":{"line":394,"column":8},"end":{"line":394,"column":54}},"type":"binary-expr","locations":[{"start":{"line":394,"column":8},"end":{"line":394,"column":21}},{"start":{"line":394,"column":25},"end":{"line":394,"column":37}},{"start":{"line":394,"column":41},"end":{"line":394,"column":54}}]},"42":{"loc":{"start":{"line":405,"column":4},"end":{"line":407,"column":5}},"type":"if","locations":[{"start":{"line":405,"column":4},"end":{"line":407,"column":5}},{"start":{},"end":{}}]}},"s":{"0":1,"1":1,"2":1,"3":1,"4":1,"5":1,"6":1,"7":3,"8":3,"9":1,"10":2,"11":1,"12":1,"13":1,"14":6,"15":1,"16":5,"17":5,"18":5,"19":5,"20":1,"21":5,"22":5,"23":1,"24":5,"25":5,"26":5,"27":5,"28":5,"29":0,"30":0,"31":6,"32":1,"33":5,"34":5,"35":5,"36":1,"37":4,"38":1,"39":3,"40":3,"41":1,"42":1,"43":1,"44":1,"45":1,"46":1,"47":1,"48":1,"49":0,"50":3,"51":0,"52":0,"53":3,"54":3,"55":3,"56":2,"57":2,"58":3,"59":3,"60":5,"61":1,"62":4,"63":4,"64":4,"65":1,"66":3,"67":2,"68":2,"69":2,"70":2,"71":5,"72":2,"73":3,"74":3,"75":3,"76":1,"77":2,"78":1,"79":1,"80":2,"81":2,"82":5,"83":1,"84":4,"85":1,"86":1,"87":3,"88":5,"89":1,"90":4,"91":4,"92":4,"93":4,"94":23,"95":23,"96":2,"97":2,"98":1,"99":1,"100":1,"101":1,"102":23,"103":4,"104":4,"105":0,"106":0,"107":0,"108":0,"109":0,"110":0,"111":0,"112":0,"113":0,"114":0,"115":0,"116":0,"117":0,"118":0,"119":0,"120":0,"121":25,"122":7,"123":12,"124":4,"125":8,"126":8,"127":8,"128":4,"129":4,"130":0,"131":0,"132":0,"133":0,"134":0,"135":0,"136":0,"137":0,"138":0,"139":0,"140":0,"141":0,"142":0,"143":0,"144":0,"145":0,"146":0,"147":0,"148":0,"149":0,"150":0,"151":0,"152":0,"153":0,"154":1},"f":{"0":1,"1":1,"2":3,"3":6,"4":6,"5":1,"6":1,"7":5,"8":5,"9":5,"10":5,"11":0,"12":0,"13":0,"14":0,"15":0,"16":0,"17":0,"18":25,"19":7,"20":12,"21":0,"22":0,"23":0,"24":0,"25":0},"b":{"0":[1,2],"1":[1,1],"2":[2,2],"3":[1,5],"4":[1,4],"5":[5,5],"6":[1,4],"7":[5,1],"8":[1,5],"9":[1,4],"10":[1,3],"11":[4,1],"12":[1,2],"13":[1,0],"14":[0,3],"15":[1,4],"16":[1,3],"17":[2,3],"18":[1,2],"19":[1,4],"20":[5,3],"21":[1,3],"22":[4,4],"23":[1,4],"24":[5,5],"25":[2,21],"26":[23,3],"27":[0],"28":[0],"29":[0,0],"30":[0,0],"31":[0,0],"32":[0,0],"33":[25,20],"34":[4,8],"35":[4,4],"36":[0,0],"37":[0,0],"38":[0,0],"39":[0,0],"40":[0,0],"41":[0,0,0],"42":[0,0]}}
,"/home/runner/work/gopr-uav-ops-manager/gopr-uav-ops-manager/goprUavOpsManager/services/flightService.ts": {"path":"/home/runner/work/gopr-uav-ops-manager/gopr-uav-ops-manager/goprUavOpsManager/services/flightService.ts","statementMap":{"0":{"start":{"line":2,"column":0},"end":{"line":2,"column":52}},"1":{"start":{"line":3,"column":0},"end":{"line":3,"column":44}},"2":{"start":{"line":5,"column":0},"end":{"line":5,"column":65}},"3":{"start":{"line":10,"column":4},"end":{"line":10,"column":64}},"4":{"start":{"line":15,"column":19},"end":{"line":15,"column":55}},"5":{"start":{"line":17,"column":4},"end":{"line":19,"column":5}},"6":{"start":{"line":18,"column":6},"end":{"line":18,"column":18}},"7":{"start":{"line":22,"column":4},"end":{"line":24,"column":5}},"8":{"start":{"line":23,"column":6},"end":{"line":23,"column":72}},"9":{"start":{"line":26,"column":4},"end":{"line":26,"column":18}},"10":{"start":{"line":35,"column":4},"end":{"line":59,"column":5}},"11":{"start":{"line":37,"column":20},"end":{"line":41,"column":23}},"12":{"start":{"line":44,"column":24},"end":{"line":44,"column":69}},"13":{"start":{"line":45,"column":6},"end":{"line":53,"column":9}},"14":{"start":{"line":55,"column":6},"end":{"line":55,"column":19}},"15":{"start":{"line":57,"column":6},"end":{"line":57,"column":53}},"16":{"start":{"line":58,"column":6},"end":{"line":58,"column":49}},"17":{"start":{"line":69,"column":4},"end":{"line":103,"column":5}},"18":{"start":{"line":71,"column":28},"end":{"line":71,"column":64}},"19":{"start":{"line":72,"column":6},"end":{"line":74,"column":7}},"20":{"start":{"line":73,"column":8},"end":{"line":73,"column":44}},"21":{"start":{"line":77,"column":6},"end":{"line":79,"column":7}},"22":{"start":{"line":78,"column":8},"end":{"line":78,"column":74}},"23":{"start":{"line":82,"column":29},"end":{"line":82,"column":49}},"24":{"start":{"line":83,"column":24},"end":{"line":83,"column":54}},"25":{"start":{"line":86,"column":6},"end":{"line":86,"column":68}},"26":{"start":{"line":89,"column":24},"end":{"line":89,"column":69}},"27":{"start":{"line":90,"column":6},"end":{"line":99,"column":9}},"28":{"start":{"line":101,"column":6},"end":{"line":101,"column":53}},"29":{"start":{"line":102,"column":6},"end":{"line":102,"column":49}},"30":{"start":{"line":112,"column":4},"end":{"line":112,"column":92}},"31":{"start":{"line":7,"column":0},"end":{"line":7,"column":13}}},"fnMap":{"0":{"name":"(anonymous_0)","decl":{"start":{"line":9,"column":2},"end":{"line":9,"column":8}},"loc":{"start":{"line":9,"column":67},"end":{"line":11,"column":3}}},"1":{"name":"(anonymous_1)","decl":{"start":{"line":14,"column":2},"end":{"line":14,"column":8}},"loc":{"start":{"line":14,"column":78},"end":{"line":27,"column":3}}},"2":{"name":"(anonymous_2)","decl":{"start":{"line":30,"column":2},"end":{"line":30,"column":8}},"loc":{"start":{"line":33,"column":29},"end":{"line":60,"column":3}}},"3":{"name":"(anonymous_3)","decl":{"start":{"line":63,"column":2},"end":{"line":63,"column":8}},"loc":{"start":{"line":67,"column":25},"end":{"line":104,"column":3}}},"4":{"name":"(anonymous_4)","decl":{"start":{"line":107,"column":2},"end":{"line":107,"column":8}},"loc":{"start":{"line":110,"column":29},"end":{"line":113,"column":3}}}},"branchMap":{"0":{"loc":{"start":{"line":17,"column":4},"end":{"line":19,"column":5}},"type":"if","locations":[{"start":{"line":17,"column":4},"end":{"line":19,"column":5}},{"start":{},"end":{}}]},"1":{"loc":{"start":{"line":22,"column":4},"end":{"line":24,"column":5}},"type":"if","locations":[{"start":{"line":22,"column":4},"end":{"line":24,"column":5}},{"start":{},"end":{}}]},"2":{"loc":{"start":{"line":22,"column":8},"end":{"line":22,"column":89}},"type":"binary-expr","locations":[{"start":{"line":22,"column":8},"end":{"line":22,"column":28}},{"start":{"line":22,"column":32},"end":{"line":22,"column":54}},{"start":{"line":22,"column":58},"end":{"line":22,"column":89}}]},"3":{"loc":{"start":{"line":40,"column":19},"end":{"line":40,"column":41}},"type":"binary-expr","locations":[{"start":{"line":40,"column":19},"end":{"line":40,"column":35}},{"start":{"line":40,"column":39},"end":{"line":40,"column":41}}]},"4":{"loc":{"start":{"line":52,"column":70},"end":{"line":52,"column":92}},"type":"binary-expr","locations":[{"start":{"line":52,"column":70},"end":{"line":52,"column":86}},{"start":{"line":52,"column":90},"end":{"line":52,"column":92}}]},"5":{"loc":{"start":{"line":72,"column":6},"end":{"line":74,"column":7}},"type":"if","locations":[{"start":{"line":72,"column":6},"end":{"line":74,"column":7}},{"start":{},"end":{}}]},"6":{"loc":{"start":{"line":77,"column":6},"end":{"line":79,"column":7}},"type":"if","locations":[{"start":{"line":77,"column":6},"end":{"line":79,"column":7}},{"start":{},"end":{}}]},"7":{"loc":{"start":{"line":77,"column":10},"end":{"line":77,"column":98}},"type":"binary-expr","locations":[{"start":{"line":77,"column":10},"end":{"line":77,"column":30}},{"start":{"line":77,"column":34},"end":{"line":77,"column":56}},{"start":{"line":77,"column":60},"end":{"line":77,"column":98}}]},"8":{"loc":{"start":{"line":112,"column":48},"end":{"line":112,"column":65}},"type":"binary-expr","locations":[{"start":{"line":112,"column":48},"end":{"line":112,"column":59}},{"start":{"line":112,"column":63},"end":{"line":112,"column":65}}]}},"s":{"0":1,"1":1,"2":1,"3":2,"4":10,"5":9,"6":1,"7":8,"8":2,"9":6,"10":5,"11":5,"12":5,"13":5,"14":5,"15":0,"16":0,"17":7,"18":7,"19":7,"20":1,"21":6,"22":1,"23":5,"24":5,"25":5,"26":4,"27":4,"28":3,"29":3,"30":4,"31":1},"f":{"0":2,"1":10,"2":5,"3":7,"4":4},"b":{"0":[1,8],"1":[2,6],"2":[8,5,3],"3":[5,2],"4":[5,2],"5":[1,6],"6":[1,5],"7":[6,5,4],"8":[4,2]}}
,"/home/runner/work/gopr-uav-ops-manager/gopr-uav-ops-manager/goprUavOpsManager/services/imageService.ts": {"path":"/home/runner/work/gopr-uav-ops-manager/gopr-uav-ops-manager/goprUavOpsManager/services/imageService.ts","statementMap":{"0":{"start":{"line":1,"column":0},"end":{"line":1,"column":40}},"1":{"start":{"line":2,"column":0},"end":{"line":2,"column":47}},"2":{"start":{"line":3,"column":0},"end":{"line":3,"column":65}},"3":{"start":{"line":4,"column":0},"end":{"line":4,"column":96}},"4":{"start":{"line":19,"column":4},"end":{"line":106,"column":5}},"5":{"start":{"line":21,"column":6},"end":{"line":23,"column":7}},"6":{"start":{"line":22,"column":8},"end":{"line":22,"column":48}},"7":{"start":{"line":25,"column":6},"end":{"line":27,"column":7}},"8":{"start":{"line":26,"column":8},"end":{"line":26,"column":51}},"9":{"start":{"line":30,"column":29},"end":{"line":35,"column":8}},"10":{"start":{"line":38,"column":6},"end":{"line":40,"column":7}},"11":{"start":{"line":39,"column":8},"end":{"line":39,"column":51}},"12":{"start":{"line":42,"column":23},"end":{"line":42,"column":66}},"13":{"start":{"line":44,"column":6},"end":{"line":93,"column":7}},"14":{"start":{"line":45,"column":25},"end":{"line":45,"column":56}},"15":{"start":{"line":46,"column":21},"end":{"line":46,"column":42}},"16":{"start":{"line":48,"column":8},"end":{"line":50,"column":11}},"17":{"start":{"line":53,"column":23},"end":{"line":53,"column":41}},"18":{"start":{"line":55,"column":8},"end":{"line":83,"column":9}},"19":{"start":{"line":57,"column":39},"end":{"line":57,"column":68}},"20":{"start":{"line":59,"column":26},"end":{"line":59,"column":51}},"21":{"start":{"line":60,"column":10},"end":{"line":62,"column":11}},"22":{"start":{"line":61,"column":12},"end":{"line":61,"column":61}},"23":{"start":{"line":64,"column":31},"end":{"line":64,"column":72}},"24":{"start":{"line":65,"column":10},"end":{"line":67,"column":13}},"25":{"start":{"line":69,"column":10},"end":{"line":69,"column":34}},"26":{"start":{"line":70,"column":15},"end":{"line":83,"column":9}},"27":{"start":{"line":72,"column":10},"end":{"line":72,"column":40}},"28":{"start":{"line":75,"column":26},"end":{"line":75,"column":51}},"29":{"start":{"line":76,"column":10},"end":{"line":78,"column":11}},"30":{"start":{"line":77,"column":12},"end":{"line":77,"column":61}},"31":{"start":{"line":80,"column":31},"end":{"line":80,"column":72}},"32":{"start":{"line":81,"column":10},"end":{"line":81,"column":75}},"33":{"start":{"line":82,"column":10},"end":{"line":82,"column":34}},"34":{"start":{"line":85,"column":8},"end":{"line":87,"column":11}},"35":{"start":{"line":90,"column":8},"end":{"line":92,"column":9}},"36":{"start":{"line":91,"column":10},"end":{"line":91,"column":71}},"37":{"start":{"line":95,"column":26},"end":{"line":95,"column":56}},"38":{"start":{"line":98,"column":6},"end":{"line":100,"column":7}},"39":{"start":{"line":99,"column":8},"end":{"line":99,"column":48}},"40":{"start":{"line":102,"column":6},"end":{"line":102,"column":25}},"41":{"start":{"line":104,"column":6},"end":{"line":104,"column":53}},"42":{"start":{"line":105,"column":6},"end":{"line":105,"column":48}},"43":{"start":{"line":114,"column":4},"end":{"line":120,"column":5}},"44":{"start":{"line":115,"column":23},"end":{"line":115,"column":46}},"45":{"start":{"line":116,"column":6},"end":{"line":116,"column":35}},"46":{"start":{"line":118,"column":6},"end":{"line":118,"column":52}},"47":{"start":{"line":131,"column":38},"end":{"line":131,"column":40}},"48":{"start":{"line":133,"column":4},"end":{"line":154,"column":5}},"49":{"start":{"line":133,"column":17},"end":{"line":133,"column":18}},"50":{"start":{"line":134,"column":20},"end":{"line":134,"column":29}},"51":{"start":{"line":137,"column":6},"end":{"line":153,"column":7}},"52":{"start":{"line":138,"column":8},"end":{"line":145,"column":9}},"53":{"start":{"line":139,"column":27},"end":{"line":139,"column":63}},"54":{"start":{"line":140,"column":30},"end":{"line":140,"column":82}},"55":{"start":{"line":141,"column":10},"end":{"line":141,"column":44}},"56":{"start":{"line":143,"column":10},"end":{"line":143,"column":64}},"57":{"start":{"line":146,"column":13},"end":{"line":153,"column":7}},"58":{"start":{"line":148,"column":8},"end":{"line":148,"column":36}},"59":{"start":{"line":149,"column":13},"end":{"line":153,"column":7}},"60":{"start":{"line":151,"column":8},"end":{"line":151,"column":73}},"61":{"start":{"line":156,"column":4},"end":{"line":156,"column":27}},"62":{"start":{"line":10,"column":0},"end":{"line":10,"column":13}}},"fnMap":{"0":{"name":"(anonymous_9)","decl":{"start":{"line":18,"column":2},"end":{"line":18,"column":8}},"loc":{"start":{"line":18,"column":82},"end":{"line":107,"column":3}}},"1":{"name":"(anonymous_10)","decl":{"start":{"line":113,"column":2},"end":{"line":113,"column":8}},"loc":{"start":{"line":113,"column":43},"end":{"line":121,"column":3}}},"2":{"name":"(anonymous_11)","decl":{"start":{"line":130,"column":2},"end":{"line":130,"column":8}},"loc":{"start":{"line":130,"column":84},"end":{"line":157,"column":3}}}},"branchMap":{"0":{"loc":{"start":{"line":21,"column":6},"end":{"line":23,"column":7}},"type":"if","locations":[{"start":{"line":21,"column":6},"end":{"line":23,"column":7}},{"start":{},"end":{}}]},"1":{"loc":{"start":{"line":21,"column":10},"end":{"line":21,"column":39}},"type":"binary-expr","locations":[{"start":{"line":21,"column":10},"end":{"line":21,"column":19}},{"start":{"line":21,"column":23},"end":{"line":21,"column":39}}]},"2":{"loc":{"start":{"line":25,"column":6},"end":{"line":27,"column":7}},"type":"if","locations":[{"start":{"line":25,"column":6},"end":{"line":27,"column":7}},{"start":{},"end":{}}]},"3":{"loc":{"start":{"line":25,"column":10},"end":{"line":25,"column":45}},"type":"binary-expr","locations":[{"start":{"line":25,"column":10},"end":{"line":25,"column":22}},{"start":{"line":25,"column":26},"end":{"line":25,"column":45}}]},"4":{"loc":{"start":{"line":38,"column":6},"end":{"line":40,"column":7}},"type":"if","locations":[{"start":{"line":38,"column":6},"end":{"line":40,"column":7}},{"start":{},"end":{}}]},"5":{"loc":{"start":{"line":38,"column":10},"end":{"line":38,"column":48}},"type":"binary-expr","locations":[{"start":{"line":38,"column":10},"end":{"line":38,"column":25}},{"start":{"line":38,"column":29},"end":{"line":38,"column":48}}]},"6":{"loc":{"start":{"line":44,"column":6},"end":{"line":93,"column":7}},"type":"if","locations":[{"start":{"line":44,"column":6},"end":{"line":93,"column":7}},{"start":{"line":51,"column":13},"end":{"line":93,"column":7}}]},"7":{"loc":{"start":{"line":55,"column":8},"end":{"line":83,"column":9}},"type":"if","locations":[{"start":{"line":55,"column":8},"end":{"line":83,"column":9}},{"start":{"line":70,"column":15},"end":{"line":83,"column":9}}]},"8":{"loc":{"start":{"line":60,"column":10},"end":{"line":62,"column":11}},"type":"if","locations":[{"start":{"line":60,"column":10},"end":{"line":62,"column":11}},{"start":{},"end":{}}]},"9":{"loc":{"start":{"line":70,"column":15},"end":{"line":83,"column":9}},"type":"if","locations":[{"start":{"line":70,"column":15},"end":{"line":83,"column":9}},{"start":{"line":73,"column":15},"end":{"line":83,"column":9}}]},"10":{"loc":{"start":{"line":76,"column":10},"end":{"line":78,"column":11}},"type":"if","locations":[{"start":{"line":76,"column":10},"end":{"line":78,"column":11}},{"start":{},"end":{}}]},"11":{"loc":{"start":{"line":90,"column":8},"end":{"line":92,"column":9}},"type":"if","locations":[{"start":{"line":90,"column":8},"end":{"line":92,"column":9}},{"start":{},"end":{}}]},"12":{"loc":{"start":{"line":90,"column":12},"end":{"line":90,"column":80}},"type":"binary-expr","locations":[{"start":{"line":90,"column":12},"end":{"line":90,"column":43}},{"start":{"line":90,"column":47},"end":{"line":90,"column":80}}]},"13":{"loc":{"start":{"line":98,"column":6},"end":{"line":100,"column":7}},"type":"if","locations":[{"start":{"line":98,"column":6},"end":{"line":100,"column":7}},{"start":{},"end":{}}]},"14":{"loc":{"start":{"line":98,"column":10},"end":{"line":98,"column":83}},"type":"binary-expr","locations":[{"start":{"line":98,"column":10},"end":{"line":98,"column":48}},{"start":{"line":98,"column":52},"end":{"line":98,"column":83}}]},"15":{"loc":{"start":{"line":137,"column":6},"end":{"line":153,"column":7}},"type":"if","locations":[{"start":{"line":137,"column":6},"end":{"line":153,"column":7}},{"start":{"line":146,"column":13},"end":{"line":153,"column":7}}]},"16":{"loc":{"start":{"line":137,"column":10},"end":{"line":137,"column":75}},"type":"binary-expr","locations":[{"start":{"line":137,"column":10},"end":{"line":137,"column":15}},{"start":{"line":137,"column":20},"end":{"line":137,"column":45}},{"start":{"line":137,"column":49},"end":{"line":137,"column":74}}]},"17":{"loc":{"start":{"line":146,"column":13},"end":{"line":153,"column":7}},"type":"if","locations":[{"start":{"line":146,"column":13},"end":{"line":153,"column":7}},{"start":{"line":149,"column":13},"end":{"line":153,"column":7}}]},"18":{"loc":{"start":{"line":146,"column":17},"end":{"line":146,"column":68}},"type":"binary-expr","locations":[{"start":{"line":146,"column":17},"end":{"line":146,"column":22}},{"start":{"line":146,"column":26},"end":{"line":146,"column":38}},{"start":{"line":146,"column":42},"end":{"line":146,"column":68}}]},"19":{"loc":{"start":{"line":149,"column":13},"end":{"line":153,"column":7}},"type":"if","locations":[{"start":{"line":149,"column":13},"end":{"line":153,"column":7}},{"start":{},"end":{}}]},"20":{"loc":{"start":{"line":149,"column":17},"end":{"line":149,"column":51}},"type":"binary-expr","locations":[{"start":{"line":149,"column":17},"end":{"line":149,"column":22}},{"start":{"line":149,"column":26},"end":{"line":149,"column":51}}]}},"s":{"0":1,"1":1,"2":1,"3":1,"4":16,"5":16,"6":1,"7":15,"8":1,"9":14,"10":14,"11":2,"12":12,"13":12,"14":3,"15":3,"16":2,"17":9,"18":9,"19":0,"20":0,"21":0,"22":0,"23":0,"24":0,"25":0,"26":9,"27":6,"28":3,"29":3,"30":0,"31":3,"32":3,"33":3,"34":9,"35":7,"36":1,"37":9,"38":9,"39":0,"40":9,"41":7,"42":7,"43":3,"44":3,"45":3,"46":1,"47":3,"48":3,"49":3,"50":4,"51":4,"52":4,"53":4,"54":4,"55":3,"56":1,"57":0,"58":0,"59":0,"60":0,"61":3,"62":1},"f":{"0":16,"1":3,"2":3},"b":{"0":[1,15],"1":[16,15],"2":[1,14],"3":[15,14],"4":[2,12],"5":[14,13],"6":[3,9],"7":[0,9],"8":[0,0],"9":[6,3],"10":[0,3],"11":[1,6],"12":[7,1],"13":[0,9],"14":[9,0],"15":[4,0],"16":[4,4,4],"17":[0,0],"18":[0,0,0],"19":[0,0],"20":[0,0]}}
,"/home/runner/work/gopr-uav-ops-manager/gopr-uav-ops-manager/goprUavOpsManager/services/locationService.ts": {"path":"/home/runner/work/gopr-uav-ops-manager/gopr-uav-ops-manager/goprUavOpsManager/services/locationService.ts","statementMap":{"0":{"start":{"line":30,"column":0},"end":{"line":30,"column":42}},"1":{"start":{"line":58,"column":23},"end":{"line":58,"column":73}},"2":{"start":{"line":59,"column":4},"end":{"line":59,"column":18}},"3":{"start":{"line":68,"column":4},"end":{"line":68,"column":71}},"4":{"start":{"line":70,"column":19},"end":{"line":70,"column":57}},"5":{"start":{"line":71,"column":4},"end":{"line":73,"column":5}},"6":{"start":{"line":72,"column":6},"end":{"line":72,"column":52}},"7":{"start":{"line":75,"column":4},"end":{"line":75,"column":64}},"8":{"start":{"line":77,"column":21},"end":{"line":79,"column":6}},"9":{"start":{"line":81,"column":24},"end":{"line":84,"column":6}},"10":{"start":{"line":86,"column":4},"end":{"line":86,"column":66}},"11":{"start":{"line":87,"column":4},"end":{"line":87,"column":23}},"12":{"start":{"line":96,"column":24},"end":{"line":96,"column":55}},"13":{"start":{"line":97,"column":20},"end":{"line":97,"column":67}},"14":{"start":{"line":99,"column":4},"end":{"line":102,"column":6}},"15":{"start":{"line":111,"column":4},"end":{"line":113,"column":5}},"16":{"start":{"line":112,"column":6},"end":{"line":112,"column":18}},"17":{"start":{"line":115,"column":4},"end":{"line":132,"column":5}},"18":{"start":{"line":116,"column":21},"end":{"line":116,"column":88}},"19":{"start":{"line":116,"column":59},"end":{"line":116,"column":87}},"20":{"start":{"line":117,"column":6},"end":{"line":119,"column":7}},"21":{"start":{"line":117,"column":50},"end":{"line":117,"column":58}},"22":{"start":{"line":118,"column":8},"end":{"line":118,"column":20}},"23":{"start":{"line":121,"column":36},"end":{"line":121,"column":42}},"24":{"start":{"line":124,"column":6},"end":{"line":126,"column":7}},"25":{"start":{"line":125,"column":8},"end":{"line":125,"column":20}},"26":{"start":{"line":128,"column":6},"end":{"line":128,"column":37}},"27":{"start":{"line":130,"column":6},"end":{"line":130,"column":74}},"28":{"start":{"line":131,"column":6},"end":{"line":131,"column":18}},"29":{"start":{"line":142,"column":4},"end":{"line":142,"column":101}},"30":{"start":{"line":151,"column":4},"end":{"line":196,"column":5}},"31":{"start":{"line":152,"column":6},"end":{"line":152,"column":86}},"32":{"start":{"line":154,"column":37},"end":{"line":154,"column":84}},"33":{"start":{"line":156,"column":6},"end":{"line":189,"column":7}},"34":{"start":{"line":157,"column":24},"end":{"line":157,"column":49}},"35":{"start":{"line":159,"column":8},"end":{"line":159,"column":74}},"36":{"start":{"line":162,"column":32},"end":{"line":162,"column":34}},"37":{"start":{"line":165,"column":8},"end":{"line":165,"column":63}},"38":{"start":{"line":165,"column":32},"end":{"line":165,"column":63}},"39":{"start":{"line":168,"column":8},"end":{"line":168,"column":51}},"40":{"start":{"line":168,"column":26},"end":{"line":168,"column":51}},"41":{"start":{"line":171,"column":28},"end":{"line":171,"column":30}},"42":{"start":{"line":172,"column":8},"end":{"line":172,"column":61}},"43":{"start":{"line":172,"column":28},"end":{"line":172,"column":61}},"44":{"start":{"line":173,"column":8},"end":{"line":173,"column":73}},"45":{"start":{"line":173,"column":34},"end":{"line":173,"column":73}},"46":{"start":{"line":174,"column":8},"end":{"line":176,"column":9}},"47":{"start":{"line":175,"column":10},"end":{"line":175,"column":44}},"48":{"start":{"line":179,"column":8},"end":{"line":179,"column":90}},"49":{"start":{"line":179,"column":63},"end":{"line":179,"column":90}},"50":{"start":{"line":182,"column":8},"end":{"line":182,"column":95}},"51":{"start":{"line":182,"column":67},"end":{"line":182,"column":95}},"52":{"start":{"line":184,"column":8},"end":{"line":188,"column":9}},"53":{"start":{"line":185,"column":35},"end":{"line":185,"column":51}},"54":{"start":{"line":186,"column":10},"end":{"line":186,"column":84}},"55":{"start":{"line":187,"column":10},"end":{"line":187,"column":34}},"56":{"start":{"line":191,"column":6},"end":{"line":191,"column":77}},"57":{"start":{"line":192,"column":6},"end":{"line":192,"column":18}},"58":{"start":{"line":194,"column":6},"end":{"line":194,"column":78}},"59":{"start":{"line":195,"column":6},"end":{"line":195,"column":18}},"60":{"start":{"line":206,"column":4},"end":{"line":288,"column":5}},"61":{"start":{"line":207,"column":6},"end":{"line":207,"column":91}},"62":{"start":{"line":209,"column":25},"end":{"line":209,"column":46}},"63":{"start":{"line":210,"column":24},"end":{"line":210,"column":69}},"64":{"start":{"line":210,"column":41},"end":{"line":210,"column":59}},"65":{"start":{"line":212,"column":23},"end":{"line":219,"column":null}},"66":{"start":{"line":222,"column":6},"end":{"line":222,"column":30}},"67":{"start":{"line":224,"column":6},"end":{"line":226,"column":7}},"68":{"start":{"line":225,"column":8},"end":{"line":225,"column":51}},"69":{"start":{"line":228,"column":19},"end":{"line":228,"column":40}},"70":{"start":{"line":229,"column":6},"end":{"line":229,"column":64}},"71":{"start":{"line":231,"column":6},"end":{"line":263,"column":7}},"72":{"start":{"line":233,"column":21},"end":{"line":233,"column":33}},"73":{"start":{"line":234,"column":32},"end":{"line":234,"column":34}},"74":{"start":{"line":237,"column":8},"end":{"line":237,"column":53}},"75":{"start":{"line":237,"column":27},"end":{"line":237,"column":53}},"76":{"start":{"line":240,"column":21},"end":{"line":240,"column":80}},"77":{"start":{"line":241,"column":8},"end":{"line":241,"column":35}},"78":{"start":{"line":241,"column":18},"end":{"line":241,"column":35}},"79":{"start":{"line":244,"column":28},"end":{"line":244,"column":30}},"80":{"start":{"line":245,"column":8},"end":{"line":245,"column":51}},"81":{"start":{"line":245,"column":23},"end":{"line":245,"column":51}},"82":{"start":{"line":246,"column":8},"end":{"line":246,"column":67}},"83":{"start":{"line":246,"column":31},"end":{"line":246,"column":67}},"84":{"start":{"line":247,"column":8},"end":{"line":249,"column":9}},"85":{"start":{"line":248,"column":10},"end":{"line":248,"column":44}},"86":{"start":{"line":252,"column":28},"end":{"line":252,"column":53}},"87":{"start":{"line":253,"column":8},"end":{"line":253,"column":73}},"88":{"start":{"line":253,"column":49},"end":{"line":253,"column":73}},"89":{"start":{"line":256,"column":8},"end":{"line":256,"column":83}},"90":{"start":{"line":256,"column":58},"end":{"line":256,"column":83}},"91":{"start":{"line":258,"column":8},"end":{"line":262,"column":9}},"92":{"start":{"line":259,"column":35},"end":{"line":259,"column":51}},"93":{"start":{"line":260,"column":10},"end":{"line":260,"column":89}},"94":{"start":{"line":261,"column":10},"end":{"line":261,"column":34}},"95":{"start":{"line":265,"column":6},"end":{"line":278,"column":7}},"96":{"start":{"line":267,"column":22},"end":{"line":267,"column":39}},"97":{"start":{"line":270,"column":8},"end":{"line":270,"column":54}},"98":{"start":{"line":271,"column":8},"end":{"line":271,"column":52}},"99":{"start":{"line":272,"column":8},"end":{"line":272,"column":49}},"100":{"start":{"line":273,"column":8},"end":{"line":273,"column":54}},"101":{"start":{"line":274,"column":8},"end":{"line":274,"column":41}},"102":{"start":{"line":276,"column":8},"end":{"line":276,"column":81}},"103":{"start":{"line":277,"column":8},"end":{"line":277,"column":23}},"104":{"start":{"line":280,"column":6},"end":{"line":280,"column":18}},"105":{"start":{"line":282,"column":6},"end":{"line":286,"column":7}},"106":{"start":{"line":283,"column":8},"end":{"line":283,"column":70}},"107":{"start":{"line":285,"column":8},"end":{"line":285,"column":85}},"108":{"start":{"line":287,"column":6},"end":{"line":287,"column":18}},"109":{"start":{"line":298,"column":67},"end":{"line":298,"column":80}},"110":{"start":{"line":300,"column":4},"end":{"line":300,"column":81}},"111":{"start":{"line":303,"column":23},"end":{"line":303,"column":69}},"112":{"start":{"line":304,"column":4},"end":{"line":306,"column":5}},"113":{"start":{"line":305,"column":6},"end":{"line":305,"column":24}},"114":{"start":{"line":309,"column":4},"end":{"line":315,"column":5}},"115":{"start":{"line":310,"column":6},"end":{"line":310,"column":80}},"116":{"start":{"line":311,"column":30},"end":{"line":311,"column":90}},"117":{"start":{"line":312,"column":6},"end":{"line":314,"column":7}},"118":{"start":{"line":313,"column":8},"end":{"line":313,"column":31}},"119":{"start":{"line":318,"column":4},"end":{"line":318,"column":88}},"120":{"start":{"line":319,"column":4},"end":{"line":319,"column":47}},"121":{"start":{"line":328,"column":36},"end":{"line":328,"column":47}},"122":{"start":{"line":329,"column":4},"end":{"line":338,"column":6}},"123":{"start":{"line":49,"column":0},"end":{"line":49,"column":13}},"124":{"start":{"line":50,"column":26},"end":{"line":50,"column":50}},"125":{"start":{"line":51,"column":26},"end":{"line":51,"column":63}}},"fnMap":{"0":{"name":"(anonymous_9)","decl":{"start":{"line":57,"column":2},"end":{"line":57,"column":8}},"loc":{"start":{"line":57,"column":40},"end":{"line":60,"column":3}}},"1":{"name":"(anonymous_10)","decl":{"start":{"line":67,"column":2},"end":{"line":67,"column":8}},"loc":{"start":{"line":67,"column":33},"end":{"line":88,"column":3}}},"2":{"name":"(anonymous_11)","decl":{"start":{"line":95,"column":2},"end":{"line":95,"column":8}},"loc":{"start":{"line":95,"column":76},"end":{"line":103,"column":3}}},"3":{"name":"(anonymous_12)","decl":{"start":{"line":110,"column":2},"end":{"line":110,"column":8}},"loc":{"start":{"line":110,"column":51},"end":{"line":133,"column":3}}},"4":{"name":"(anonymous_13)","decl":{"start":{"line":116,"column":54},"end":{"line":116,"column":55}},"loc":{"start":{"line":116,"column":59},"end":{"line":116,"column":87}}},"5":{"name":"(anonymous_14)","decl":{"start":{"line":117,"column":45},"end":{"line":117,"column":46}},"loc":{"start":{"line":117,"column":50},"end":{"line":117,"column":58}}},"6":{"name":"(anonymous_15)","decl":{"start":{"line":141,"column":2},"end":{"line":141,"column":8}},"loc":{"start":{"line":141,"column":82},"end":{"line":143,"column":3}}},"7":{"name":"(anonymous_16)","decl":{"start":{"line":150,"column":10},"end":{"line":150,"column":16}},"loc":{"start":{"line":150,"column":78},"end":{"line":197,"column":3}}},"8":{"name":"(anonymous_17)","decl":{"start":{"line":205,"column":10},"end":{"line":205,"column":16}},"loc":{"start":{"line":205,"column":123},"end":{"line":289,"column":3}}},"9":{"name":"(anonymous_18)","decl":{"start":{"line":210,"column":35},"end":{"line":210,"column":38}},"loc":{"start":{"line":210,"column":41},"end":{"line":210,"column":59}}},"10":{"name":"(anonymous_19)","decl":{"start":{"line":297,"column":2},"end":{"line":297,"column":8}},"loc":{"start":{"line":297,"column":95},"end":{"line":320,"column":3}}},"11":{"name":"(anonymous_20)","decl":{"start":{"line":327,"column":2},"end":{"line":327,"column":8}},"loc":{"start":{"line":327,"column":61},"end":{"line":339,"column":3}}}},"branchMap":{"0":{"loc":{"start":{"line":71,"column":4},"end":{"line":73,"column":5}},"type":"if","locations":[{"start":{"line":71,"column":4},"end":{"line":73,"column":5}},{"start":{},"end":{}}]},"1":{"loc":{"start":{"line":111,"column":4},"end":{"line":113,"column":5}},"type":"if","locations":[{"start":{"line":111,"column":4},"end":{"line":113,"column":5}},{"start":{},"end":{}}]},"2":{"loc":{"start":{"line":111,"column":8},"end":{"line":111,"column":63}},"type":"binary-expr","locations":[{"start":{"line":111,"column":8},"end":{"line":111,"column":26}},{"start":{"line":111,"column":30},"end":{"line":111,"column":63}}]},"3":{"loc":{"start":{"line":111,"column":32},"end":{"line":111,"column":55}},"type":"binary-expr","locations":[{"start":{"line":111,"column":32},"end":{"line":111,"column":49}},{"start":{"line":111,"column":53},"end":{"line":111,"column":55}}]},"4":{"loc":{"start":{"line":116,"column":71},"end":{"line":116,"column":78}},"type":"binary-expr","locations":[{"start":{"line":116,"column":71},"end":{"line":116,"column":72}},{"start":{"line":116,"column":76},"end":{"line":116,"column":78}}]},"5":{"loc":{"start":{"line":117,"column":6},"end":{"line":119,"column":7}},"type":"if","locations":[{"start":{"line":117,"column":6},"end":{"line":119,"column":7}},{"start":{},"end":{}}]},"6":{"loc":{"start":{"line":117,"column":10},"end":{"line":117,"column":59}},"type":"binary-expr","locations":[{"start":{"line":117,"column":10},"end":{"line":117,"column":29}},{"start":{"line":117,"column":33},"end":{"line":117,"column":59}}]},"7":{"loc":{"start":{"line":124,"column":6},"end":{"line":126,"column":7}},"type":"if","locations":[{"start":{"line":124,"column":6},"end":{"line":126,"column":7}},{"start":{},"end":{}}]},"8":{"loc":{"start":{"line":124,"column":10},"end":{"line":124,"column":80}},"type":"binary-expr","locations":[{"start":{"line":124,"column":10},"end":{"line":124,"column":24}},{"start":{"line":124,"column":28},"end":{"line":124,"column":41}},{"start":{"line":124,"column":45},"end":{"line":124,"column":61}},{"start":{"line":124,"column":65},"end":{"line":124,"column":80}}]},"9":{"loc":{"start":{"line":141,"column":61},"end":{"line":141,"column":82}},"type":"default-arg","locations":[{"start":{"line":141,"column":81},"end":{"line":141,"column":82}}]},"10":{"loc":{"start":{"line":156,"column":6},"end":{"line":189,"column":7}},"type":"if","locations":[{"start":{"line":156,"column":6},"end":{"line":189,"column":7}},{"start":{},"end":{}}]},"11":{"loc":{"start":{"line":156,"column":10},"end":{"line":156,"column":69}},"type":"binary-expr","locations":[{"start":{"line":156,"column":10},"end":{"line":156,"column":32}},{"start":{"line":156,"column":36},"end":{"line":156,"column":69}}]},"12":{"loc":{"start":{"line":165,"column":8},"end":{"line":165,"column":63}},"type":"if","locations":[{"start":{"line":165,"column":8},"end":{"line":165,"column":63}},{"start":{},"end":{}}]},"13":{"loc":{"start":{"line":168,"column":8},"end":{"line":168,"column":51}},"type":"if","locations":[{"start":{"line":168,"column":8},"end":{"line":168,"column":51}},{"start":{},"end":{}}]},"14":{"loc":{"start":{"line":172,"column":8},"end":{"line":172,"column":61}},"type":"if","locations":[{"start":{"line":172,"column":8},"end":{"line":172,"column":61}},{"start":{},"end":{}}]},"15":{"loc":{"start":{"line":173,"column":8},"end":{"line":173,"column":73}},"type":"if","locations":[{"start":{"line":173,"column":8},"end":{"line":173,"column":73}},{"start":{},"end":{}}]},"16":{"loc":{"start":{"line":174,"column":8},"end":{"line":176,"column":9}},"type":"if","locations":[{"start":{"line":174,"column":8},"end":{"line":176,"column":9}},{"start":{},"end":{}}]},"17":{"loc":{"start":{"line":179,"column":8},"end":{"line":179,"column":90}},"type":"if","locations":[{"start":{"line":179,"column":8},"end":{"line":179,"column":90}},{"start":{},"end":{}}]},"18":{"loc":{"start":{"line":179,"column":12},"end":{"line":179,"column":61}},"type":"binary-expr","locations":[{"start":{"line":179,"column":12},"end":{"line":179,"column":26}},{"start":{"line":179,"column":30},"end":{"line":179,"column":61}}]},"19":{"loc":{"start":{"line":182,"column":8},"end":{"line":182,"column":95}},"type":"if","locations":[{"start":{"line":182,"column":8},"end":{"line":182,"column":95}},{"start":{},"end":{}}]},"20":{"loc":{"start":{"line":182,"column":12},"end":{"line":182,"column":65}},"type":"binary-expr","locations":[{"start":{"line":182,"column":12},"end":{"line":182,"column":27}},{"start":{"line":182,"column":31},"end":{"line":182,"column":65}}]},"21":{"loc":{"start":{"line":184,"column":8},"end":{"line":188,"column":9}},"type":"if","locations":[{"start":{"line":184,"column":8},"end":{"line":188,"column":9}},{"start":{},"end":{}}]},"22":{"loc":{"start":{"line":205,"column":85},"end":{"line":205,"column":123}},"type":"default-arg","locations":[{"start":{"line":205,"column":103},"end":{"line":205,"column":123}}]},"23":{"loc":{"start":{"line":224,"column":6},"end":{"line":226,"column":7}},"type":"if","locations":[{"start":{"line":224,"column":6},"end":{"line":226,"column":7}},{"start":{},"end":{}}]},"24":{"loc":{"start":{"line":231,"column":6},"end":{"line":263,"column":7}},"type":"if","locations":[{"start":{"line":231,"column":6},"end":{"line":263,"column":7}},{"start":{},"end":{}}]},"25":{"loc":{"start":{"line":231,"column":10},"end":{"line":231,"column":30}},"type":"binary-expr","locations":[{"start":{"line":231,"column":10},"end":{"line":231,"column":14}},{"start":{"line":231,"column":18},"end":{"line":231,"column":30}}]},"26":{"loc":{"start":{"line":237,"column":8},"end":{"line":237,"column":53}},"type":"if","locations":[{"start":{"line":237,"column":8},"end":{"line":237,"column":53}},{"start":{},"end":{}}]},"27":{"loc":{"start":{"line":240,"column":21},"end":{"line":240,"column":80}},"type":"binary-expr","locations":[{"start":{"line":240,"column":21},"end":{"line":240,"column":30}},{"start":{"line":240,"column":34},"end":{"line":240,"column":43}},{"start":{"line":240,"column":47},"end":{"line":240,"column":59}},{"start":{"line":240,"column":63},"end":{"line":240,"column":80}}]},"28":{"loc":{"start":{"line":241,"column":8},"end":{"line":241,"column":35}},"type":"if","locations":[{"start":{"line":241,"column":8},"end":{"line":241,"column":35}},{"start":{},"end":{}}]},"29":{"loc":{"start":{"line":245,"column":8},"end":{"line":245,"column":51}},"type":"if","locations":[{"start":{"line":245,"column":8},"end":{"line":245,"column":51}},{"start":{},"end":{}}]},"30":{"loc":{"start":{"line":246,"column":8},"end":{"line":246,"column":67}},"type":"if","locations":[{"start":{"line":246,"column":8},"end":{"line":246,"column":67}},{"start":{},"end":{}}]},"31":{"loc":{"start":{"line":247,"column":8},"end":{"line":249,"column":9}},"type":"if","locations":[{"start":{"line":247,"column":8},"end":{"line":249,"column":9}},{"start":{},"end":{}}]},"32":{"loc":{"start":{"line":252,"column":28},"end":{"line":252,"column":53}},"type":"binary-expr","locations":[{"start":{"line":252,"column":28},"end":{"line":252,"column":38}},{"start":{"line":252,"column":42},"end":{"line":252,"column":53}}]},"33":{"loc":{"start":{"line":253,"column":8},"end":{"line":253,"column":73}},"type":"if","locations":[{"start":{"line":253,"column":8},"end":{"line":253,"column":73}},{"start":{},"end":{}}]},"34":{"loc":{"start":{"line":253,"column":12},"end":{"line":253,"column":47}},"type":"binary-expr","locations":[{"start":{"line":253,"column":12},"end":{"line":253,"column":23}},{"start":{"line":253,"column":27},"end":{"line":253,"column":47}}]},"35":{"loc":{"start":{"line":256,"column":8},"end":{"line":256,"column":83}},"type":"if","locations":[{"start":{"line":256,"column":8},"end":{"line":256,"column":83}},{"start":{},"end":{}}]},"36":{"loc":{"start":{"line":256,"column":12},"end":{"line":256,"column":56}},"type":"binary-expr","locations":[{"start":{"line":256,"column":12},"end":{"line":256,"column":24}},{"start":{"line":256,"column":28},"end":{"line":256,"column":56}}]},"37":{"loc":{"start":{"line":258,"column":8},"end":{"line":262,"column":9}},"type":"if","locations":[{"start":{"line":258,"column":8},"end":{"line":262,"column":9}},{"start":{},"end":{}}]},"38":{"loc":{"start":{"line":265,"column":6},"end":{"line":278,"column":7}},"type":"if","locations":[{"start":{"line":265,"column":6},"end":{"line":278,"column":7}},{"start":{},"end":{}}]},"39":{"loc":{"start":{"line":265,"column":10},"end":{"line":265,"column":35}},"type":"binary-expr","locations":[{"start":{"line":265,"column":10},"end":{"line":265,"column":14}},{"start":{"line":265,"column":18},"end":{"line":265,"column":35}}]},"40":{"loc":{"start":{"line":274,"column":19},"end":{"line":274,"column":32}},"type":"binary-expr","locations":[{"start":{"line":274,"column":19},"end":{"line":274,"column":26}},{"start":{"line":274,"column":30},"end":{"line":274,"column":32}}]},"41":{"loc":{"start":{"line":282,"column":6},"end":{"line":286,"column":7}},"type":"if","locations":[{"start":{"line":282,"column":6},"end":{"line":286,"column":7}},{"start":{"line":284,"column":13},"end":{"line":286,"column":7}}]},"42":{"loc":{"start":{"line":282,"column":10},"end":{"line":282,"column":63}},"type":"binary-expr","locations":[{"start":{"line":282,"column":10},"end":{"line":282,"column":32}},{"start":{"line":282,"column":36},"end":{"line":282,"column":63}}]},"43":{"loc":{"start":{"line":298,"column":12},"end":{"line":298,"column":30}},"type":"default-arg","locations":[{"start":{"line":298,"column":26},"end":{"line":298,"column":30}}]},"44":{"loc":{"start":{"line":298,"column":32},"end":{"line":298,"column":62}},"type":"default-arg","locations":[{"start":{"line":298,"column":42},"end":{"line":298,"column":62}}]},"45":{"loc":{"start":{"line":298,"column":67},"end":{"line":298,"column":80}},"type":"binary-expr","locations":[{"start":{"line":298,"column":67},"end":{"line":298,"column":74}},{"start":{"line":298,"column":78},"end":{"line":298,"column":80}}]},"46":{"loc":{"start":{"line":304,"column":4},"end":{"line":306,"column":5}},"type":"if","locations":[{"start":{"line":304,"column":4},"end":{"line":306,"column":5}},{"start":{},"end":{}}]},"47":{"loc":{"start":{"line":309,"column":4},"end":{"line":315,"column":5}},"type":"if","locations":[{"start":{"line":309,"column":4},"end":{"line":315,"column":5}},{"start":{},"end":{}}]},"48":{"loc":{"start":{"line":312,"column":6},"end":{"line":314,"column":7}},"type":"if","locations":[{"start":{"line":312,"column":6},"end":{"line":314,"column":7}},{"start":{},"end":{}}]},"49":{"loc":{"start":{"line":330,"column":6},"end":{"line":337,"column":22}},"type":"binary-expr","locations":[{"start":{"line":330,"column":6},"end":{"line":330,"column":34}},{"start":{"line":331,"column":6},"end":{"line":331,"column":35}},{"start":{"line":332,"column":6},"end":{"line":332,"column":22}},{"start":{"line":333,"column":6},"end":{"line":333,"column":23}},{"start":{"line":334,"column":6},"end":{"line":334,"column":21}},{"start":{"line":335,"column":6},"end":{"line":335,"column":20}},{"start":{"line":336,"column":6},"end":{"line":336,"column":23}},{"start":{"line":337,"column":6},"end":{"line":337,"column":22}}]}},"s":{"0":1,"1":5,"2":5,"3":5,"4":5,"5":5,"6":1,"7":4,"8":4,"9":2,"10":2,"11":2,"12":0,"13":0,"14":0,"15":17,"16":1,"17":16,"18":16,"19":31,"20":16,"21":24,"22":6,"23":10,"24":10,"25":3,"26":7,"27":0,"28":0,"29":9,"30":17,"31":17,"32":17,"33":15,"34":11,"35":11,"36":11,"37":11,"38":10,"39":11,"40":11,"41":11,"42":11,"43":10,"44":11,"45":10,"46":11,"47":10,"48":11,"49":10,"50":11,"51":11,"52":11,"53":11,"54":11,"55":11,"56":4,"57":4,"58":2,"59":2,"60":5,"61":5,"62":5,"63":5,"64":1,"65":5,"66":4,"67":4,"68":0,"69":2,"70":2,"71":2,"72":1,"73":1,"74":1,"75":1,"76":1,"77":1,"78":1,"79":1,"80":1,"81":1,"82":1,"83":1,"84":1,"85":1,"86":1,"87":1,"88":1,"89":1,"90":1,"91":1,"92":1,"93":1,"94":1,"95":1,"96":0,"97":0,"98":0,"99":0,"100":0,"101":0,"102":0,"103":0,"104":1,"105":3,"106":0,"107":3,"108":3,"109":17,"110":17,"111":17,"112":17,"113":11,"114":6,"115":5,"116":5,"117":5,"118":1,"119":5,"120":5,"121":0,"122":0,"123":1,"124":1,"125":1},"f":{"0":5,"1":5,"2":0,"3":17,"4":31,"5":24,"6":9,"7":17,"8":5,"9":1,"10":17,"11":0},"b":{"0":[1,4],"1":[1,16],"2":[17,16],"3":[16,0],"4":[31,1],"5":[6,10],"6":[16,13],"7":[3,7],"8":[10,10,8,8],"9":[7],"10":[11,4],"11":[15,15],"12":[10,1],"13":[11,0],"14":[10,1],"15":[10,1],"16":[10,1],"17":[10,1],"18":[11,10],"19":[11,0],"20":[11,11],"21":[11,0],"22":[0],"23":[0,2],"24":[1,1],"25":[2,2],"26":[1,0],"27":[1,0,0,0],"28":[1,0],"29":[1,0],"30":[1,0],"31":[1,0],"32":[1,0],"33":[1,0],"34":[1,1],"35":[1,0],"36":[1,1],"37":[1,0],"38":[0,1],"39":[1,1],"40":[0,0],"41":[0,3],"42":[3,3],"43":[13],"44":[15],"45":[17,12],"46":[11,6],"47":[5,1],"48":[1,4],"49":[0,0,0,0,0,0,0,0]}}
,"/home/runner/work/gopr-uav-ops-manager/gopr-uav-ops-manager/goprUavOpsManager/services/offlineProcedureChecklistService.ts": {"path":"/home/runner/work/gopr-uav-ops-manager/gopr-uav-ops-manager/goprUavOpsManager/services/offlineProcedureChecklistService.ts","statementMap":{"0":{"start":{"line":1,"column":0},"end":{"line":1,"column":69}},"1":{"start":{"line":3,"column":0},"end":{"line":3,"column":81}},"2":{"start":{"line":4,"column":0},"end":{"line":4,"column":55}},"3":{"start":{"line":5,"column":0},"end":{"line":5,"column":66}},"4":{"start":{"line":34,"column":4},"end":{"line":66,"column":5}},"5":{"start":{"line":35,"column":6},"end":{"line":35,"column":95}},"6":{"start":{"line":38,"column":23},"end":{"line":38,"column":52}},"7":{"start":{"line":39,"column":6},"end":{"line":45,"column":7}},"8":{"start":{"line":43,"column":8},"end":{"line":43,"column":87}},"9":{"start":{"line":44,"column":8},"end":{"line":44,"column":15}},"10":{"start":{"line":47,"column":6},"end":{"line":47,"column":96}},"11":{"start":{"line":50,"column":6},"end":{"line":50,"column":43}},"12":{"start":{"line":53,"column":25},"end":{"line":53,"column":89}},"13":{"start":{"line":54,"column":6},"end":{"line":54,"column":87}},"14":{"start":{"line":57,"column":6},"end":{"line":57,"column":55}},"15":{"start":{"line":60,"column":6},"end":{"line":60,"column":56}},"16":{"start":{"line":62,"column":6},"end":{"line":62,"column":83}},"17":{"start":{"line":64,"column":6},"end":{"line":64,"column":83}},"18":{"start":{"line":65,"column":6},"end":{"line":65,"column":18}},"19":{"start":{"line":76,"column":4},"end":{"line":103,"column":5}},"20":{"start":{"line":77,"column":6},"end":{"line":77,"column":95}},"21":{"start":{"line":80,"column":6},"end":{"line":80,"column":43}},"22":{"start":{"line":84,"column":6},"end":{"line":91,"column":7}},"23":{"start":{"line":85,"column":8},"end":{"line":85,"column":96}},"24":{"start":{"line":86,"column":8},"end":{"line":86,"column":39}},"25":{"start":{"line":88,"column":8},"end":{"line":88,"column":84}},"26":{"start":{"line":89,"column":8},"end":{"line":89,"column":93}},"27":{"start":{"line":90,"column":8},"end":{"line":90,"column":96}},"28":{"start":{"line":94,"column":6},"end":{"line":94,"column":62}},"29":{"start":{"line":97,"column":6},"end":{"line":97,"column":63}},"30":{"start":{"line":99,"column":6},"end":{"line":99,"column":84}},"31":{"start":{"line":101,"column":6},"end":{"line":101,"column":84}},"32":{"start":{"line":102,"column":6},"end":{"line":102,"column":18}},"33":{"start":{"line":111,"column":4},"end":{"line":138,"column":5}},"34":{"start":{"line":112,"column":23},"end":{"line":112,"column":52}},"35":{"start":{"line":115,"column":6},"end":{"line":117,"column":7}},"36":{"start":{"line":116,"column":8},"end":{"line":116,"column":20}},"37":{"start":{"line":120,"column":6},"end":{"line":122,"column":7}},"38":{"start":{"line":121,"column":8},"end":{"line":121,"column":20}},"39":{"start":{"line":125,"column":6},"end":{"line":127,"column":7}},"40":{"start":{"line":126,"column":8},"end":{"line":126,"column":20}},"41":{"start":{"line":130,"column":6},"end":{"line":132,"column":7}},"42":{"start":{"line":131,"column":8},"end":{"line":131,"column":20}},"43":{"start":{"line":134,"column":6},"end":{"line":134,"column":19}},"44":{"start":{"line":136,"column":6},"end":{"line":136,"column":89}},"45":{"start":{"line":137,"column":6},"end":{"line":137,"column":18}},"46":{"start":{"line":149,"column":4},"end":{"line":191,"column":5}},"47":{"start":{"line":151,"column":25},"end":{"line":151,"column":65}},"48":{"start":{"line":153,"column":6},"end":{"line":162,"column":7}},"49":{"start":{"line":155,"column":8},"end":{"line":161,"column":9}},"50":{"start":{"line":156,"column":10},"end":{"line":156,"column":94}},"51":{"start":{"line":157,"column":10},"end":{"line":157,"column":63}},"52":{"start":{"line":159,"column":10},"end":{"line":159,"column":92}},"53":{"start":{"line":160,"column":10},"end":{"line":160,"column":55}},"54":{"start":{"line":165,"column":6},"end":{"line":168,"column":7}},"55":{"start":{"line":166,"column":8},"end":{"line":166,"column":83}},"56":{"start":{"line":167,"column":8},"end":{"line":167,"column":61}},"57":{"start":{"line":171,"column":6},"end":{"line":171,"column":86}},"58":{"start":{"line":172,"column":25},"end":{"line":172,"column":89}},"59":{"start":{"line":175,"column":6},"end":{"line":177,"column":9}},"60":{"start":{"line":176,"column":8},"end":{"line":176,"column":80}},"61":{"start":{"line":179,"column":6},"end":{"line":179,"column":48}},"62":{"start":{"line":181,"column":6},"end":{"line":181,"column":82}},"63":{"start":{"line":184,"column":25},"end":{"line":184,"column":65}},"64":{"start":{"line":185,"column":6},"end":{"line":188,"column":7}},"65":{"start":{"line":186,"column":8},"end":{"line":186,"column":92}},"66":{"start":{"line":187,"column":8},"end":{"line":187,"column":61}},"67":{"start":{"line":190,"column":6},"end":{"line":190,"column":18}},"68":{"start":{"line":201,"column":4},"end":{"line":235,"column":5}},"69":{"start":{"line":203,"column":31},"end":{"line":203,"column":71}},"70":{"start":{"line":204,"column":30},"end":{"line":204,"column":78}},"71":{"start":{"line":204,"column":58},"end":{"line":204,"column":69}},"72":{"start":{"line":206,"column":6},"end":{"line":209,"column":7}},"73":{"start":{"line":207,"column":8},"end":{"line":207,"column":91}},"74":{"start":{"line":208,"column":8},"end":{"line":208,"column":65}},"75":{"start":{"line":212,"column":6},"end":{"line":215,"column":7}},"76":{"start":{"line":213,"column":8},"end":{"line":213,"column":90}},"77":{"start":{"line":214,"column":8},"end":{"line":214,"column":65}},"78":{"start":{"line":218,"column":6},"end":{"line":218,"column":79}},"79":{"start":{"line":219,"column":24},"end":{"line":219,"column":91}},"80":{"start":{"line":221,"column":6},"end":{"line":221,"column":47}},"81":{"start":{"line":223,"column":6},"end":{"line":223,"column":81}},"82":{"start":{"line":226,"column":31},"end":{"line":226,"column":71}},"83":{"start":{"line":227,"column":30},"end":{"line":227,"column":78}},"84":{"start":{"line":227,"column":58},"end":{"line":227,"column":69}},"85":{"start":{"line":229,"column":6},"end":{"line":232,"column":7}},"86":{"start":{"line":230,"column":8},"end":{"line":230,"column":91}},"87":{"start":{"line":231,"column":8},"end":{"line":231,"column":65}},"88":{"start":{"line":234,"column":6},"end":{"line":234,"column":18}},"89":{"start":{"line":242,"column":4},"end":{"line":249,"column":5}},"90":{"start":{"line":243,"column":6},"end":{"line":243,"column":52}},"91":{"start":{"line":244,"column":6},"end":{"line":244,"column":61}},"92":{"start":{"line":245,"column":6},"end":{"line":245,"column":43}},"93":{"start":{"line":246,"column":6},"end":{"line":246,"column":74}},"94":{"start":{"line":248,"column":6},"end":{"line":248,"column":78}},"95":{"start":{"line":260,"column":4},"end":{"line":276,"column":5}},"96":{"start":{"line":261,"column":23},"end":{"line":261,"column":52}},"97":{"start":{"line":262,"column":25},"end":{"line":262,"column":64}},"98":{"start":{"line":264,"column":6},"end":{"line":268,"column":8}},"99":{"start":{"line":270,"column":6},"end":{"line":270,"column":83}},"100":{"start":{"line":271,"column":6},"end":{"line":275,"column":8}},"101":{"start":{"line":283,"column":4},"end":{"line":319,"column":5}},"102":{"start":{"line":285,"column":34},"end":{"line":294,"column":9}},"103":{"start":{"line":285,"column":58},"end":{"line":294,"column":8}},"104":{"start":{"line":287,"column":39},"end":{"line":293,"column":10}},"105":{"start":{"line":297,"column":35},"end":{"line":302,"column":9}},"106":{"start":{"line":297,"column":68},"end":{"line":302,"column":8}},"107":{"start":{"line":304,"column":6},"end":{"line":304,"column":87}},"108":{"start":{"line":307,"column":38},"end":{"line":312,"column":8
[...]
ine":46,"column":29},"end":{"line":46,"column":77}},"15":{"start":{"line":48,"column":28},"end":{"line":54,"column":8}},"16":{"start":{"line":57,"column":20},"end":{"line":57,"column":102}},"17":{"start":{"line":60,"column":24},"end":{"line":60,"column":62}},"18":{"start":{"line":61,"column":6},"end":{"line":69,"column":9}},"19":{"start":{"line":71,"column":6},"end":{"line":71,"column":19}},"20":{"start":{"line":73,"column":6},"end":{"line":73,"column":66}},"21":{"start":{"line":74,"column":6},"end":{"line":74,"column":62}},"22":{"start":{"line":85,"column":4},"end":{"line":87,"column":5}},"23":{"start":{"line":86,"column":6},"end":{"line":86,"column":80}},"24":{"start":{"line":89,"column":4},"end":{"line":128,"column":5}},"25":{"start":{"line":91,"column":31},"end":{"line":91,"column":91}},"26":{"start":{"line":92,"column":6},"end":{"line":94,"column":7}},"27":{"start":{"line":93,"column":8},"end":{"line":93,"column":57}},"28":{"start":{"line":97,"column":29},"end":{"line":97,"column":77}},"29":{"start":{"line":99,"column":25},"end":{"line":104,"column":8}},"30":{"start":{"line":107,"column":29},"end":{"line":107,"column":52}},"31":{"start":{"line":108,"column":24},"end":{"line":108,"column":62}},"32":{"start":{"line":111,"column":6},"end":{"line":111,"column":90}},"33":{"start":{"line":114,"column":24},"end":{"line":114,"column":62}},"34":{"start":{"line":115,"column":6},"end":{"line":124,"column":9}},"35":{"start":{"line":126,"column":6},"end":{"line":126,"column":66}},"36":{"start":{"line":127,"column":6},"end":{"line":127,"column":62}},"37":{"start":{"line":133,"column":4},"end":{"line":135,"column":5}},"38":{"start":{"line":134,"column":6},"end":{"line":134,"column":80}},"39":{"start":{"line":137,"column":4},"end":{"line":161,"column":5}},"40":{"start":{"line":139,"column":31},"end":{"line":139,"column":91}},"41":{"start":{"line":140,"column":6},"end":{"line":142,"column":7}},"42":{"start":{"line":141,"column":8},"end":{"line":141,"column":57}},"43":{"start":{"line":145,"column":6},"end":{"line":145,"column":82}},"44":{"start":{"line":148,"column":24},"end":{"line":148,"column":62}},"45":{"start":{"line":149,"column":6},"end":{"line":157,"column":9}},"46":{"start":{"line":159,"column":6},"end":{"line":159,"column":66}},"47":{"start":{"line":160,"column":6},"end":{"line":160,"column":62}},"48":{"start":{"line":166,"column":4},"end":{"line":168,"column":5}},"49":{"start":{"line":167,"column":6},"end":{"line":167,"column":81}},"50":{"start":{"line":170,"column":4},"end":{"line":194,"column":5}},"51":{"start":{"line":172,"column":31},"end":{"line":172,"column":91}},"52":{"start":{"line":173,"column":6},"end":{"line":175,"column":7}},"53":{"start":{"line":174,"column":8},"end":{"line":174,"column":57}},"54":{"start":{"line":178,"column":6},"end":{"line":178,"column":79}},"55":{"start":{"line":181,"column":24},"end":{"line":181,"column":62}},"56":{"start":{"line":182,"column":6},"end":{"line":190,"column":9}},"57":{"start":{"line":192,"column":6},"end":{"line":192,"column":67}},"58":{"start":{"line":193,"column":6},"end":{"line":193,"column":63}},"59":{"start":{"line":199,"column":4},"end":{"line":199,"column":88}},"60":{"start":{"line":204,"column":4},"end":{"line":204,"column":46}},"61":{"start":{"line":209,"column":27},"end":{"line":209,"column":29}},"62":{"start":{"line":211,"column":4},"end":{"line":248,"column":5}},"63":{"start":{"line":212,"column":33},"end":{"line":217,"column":8}},"64":{"start":{"line":220,"column":6},"end":{"line":222,"column":7}},"65":{"start":{"line":221,"column":8},"end":{"line":221,"column":39}},"66":{"start":{"line":225,"column":6},"end":{"line":227,"column":7}},"67":{"start":{"line":226,"column":8},"end":{"line":226,"column":39}},"68":{"start":{"line":230,"column":6},"end":{"line":245,"column":7}},"69":{"start":{"line":231,"column":8},"end":{"line":237,"column":9}},"70":{"start":{"line":232,"column":27},"end":{"line":232,"column":57}},"71":{"start":{"line":233,"column":10},"end":{"line":233,"column":77}},"72":{"start":{"line":235,"column":10},"end":{"line":235,"column":75}},"73":{"start":{"line":238,"column":13},"end":{"line":245,"column":7}},"74":{"start":{"line":240,"column":8},"end":{"line":240,"column":41}},"75":{"start":{"line":241,"column":13},"end":{"line":245,"column":7}},"76":{"start":{"line":243,"column":8},"end":{"line":243,"column":88}},"77":{"start":{"line":247,"column":6},"end":{"line":247,"column":41}},"78":{"start":{"line":250,"column":4},"end":{"line":250,"column":26}},"79":{"start":{"line":255,"column":4},"end":{"line":255,"column":58}},"80":{"start":{"line":12,"column":0},"end":{"line":12,"column":13}}},"fnMap":{"0":{"name":"(anonymous_0)","decl":{"start":{"line":14,"column":2},"end":{"line":14,"column":8}},"loc":{"start":{"line":14,"column":56},"end":{"line":16,"column":3}}},"1":{"name":"(anonymous_1)","decl":{"start":{"line":19,"column":2},"end":{"line":19,"column":8}},"loc":{"start":{"line":19,"column":67},"end":{"line":32,"column":3}}},"2":{"name":"(anonymous_2)","decl":{"start":{"line":35,"column":2},"end":{"line":35,"column":8}},"loc":{"start":{"line":38,"column":18},"end":{"line":76,"column":3}}},"3":{"name":"(anonymous_3)","decl":{"start":{"line":79,"column":2},"end":{"line":79,"column":8}},"loc":{"start":{"line":83,"column":18},"end":{"line":129,"column":3}}},"4":{"name":"(anonymous_4)","decl":{"start":{"line":132,"column":2},"end":{"line":132,"column":8}},"loc":{"start":{"line":132,"column":90},"end":{"line":162,"column":3}}},"5":{"name":"(anonymous_5)","decl":{"start":{"line":165,"column":2},"end":{"line":165,"column":8}},"loc":{"start":{"line":165,"column":87},"end":{"line":195,"column":3}}},"6":{"name":"(anonymous_6)","decl":{"start":{"line":198,"column":2},"end":{"line":198,"column":8}},"loc":{"start":{"line":198,"column":61},"end":{"line":200,"column":3}}},"7":{"name":"(anonymous_7)","decl":{"start":{"line":203,"column":2},"end":{"line":203,"column":8}},"loc":{"start":{"line":203,"column":43},"end":{"line":205,"column":3}}},"8":{"name":"(anonymous_8)","decl":{"start":{"line":208,"column":10},"end":{"line":208,"column":16}},"loc":{"start":{"line":208,"column":75},"end":{"line":251,"column":3}}},"9":{"name":"(anonymous_9)","decl":{"start":{"line":254,"column":10},"end":{"line":254,"column":16}},"loc":{"start":{"line":254,"column":55},"end":{"line":256,"column":3}}}},"branchMap":{"0":{"loc":{"start":{"line":22,"column":4},"end":{"line":24,"column":5}},"type":"if","locations":[{"start":{"line":22,"column":4},"end":{"line":24,"column":5}},{"start":{},"end":{}}]},"1":{"loc":{"start":{"line":27,"column":4},"end":{"line":29,"column":5}},"type":"if","locations":[{"start":{"line":27,"column":4},"end":{"line":29,"column":5}},{"start":{},"end":{}}]},"2":{"loc":{"start":{"line":27,"column":8},"end":{"line":27,"column":51}},"type":"binary-expr","locations":[{"start":{"line":27,"column":8},"end":{"line":27,"column":28}},{"start":{"line":27,"column":32},"end":{"line":27,"column":51}}]},"3":{"loc":{"start":{"line":40,"column":4},"end":{"line":42,"column":5}},"type":"if","locations":[{"start":{"line":40,"column":4},"end":{"line":42,"column":5}},{"start":{},"end":{}}]},"4":{"loc":{"start":{"line":85,"column":4},"end":{"line":87,"column":5}},"type":"if","locations":[{"start":{"line":85,"column":4},"end":{"line":87,"column":5}},{"start":{},"end":{}}]},"5":{"loc":{"start":{"line":92,"column":6},"end":{"line":94,"column":7}},"type":"if","locations":[{"start":{"line":92,"column":6},"end":{"line":94,"column":7}},{"start":{},"end":{}}]},"6":{"loc":{"start":{"line":133,"column":4},"end":{"line":135,"column":5}},"type":"if","locations":[{"start":{"line":133,"column":4},"end":{"line":135,"column":5}},{"start":{},"end":{}}]},"7":{"loc":{"start":{"line":140,"column":6},"end":{"line":142,"column":7}},"type":"if","locations":[{"start":{"line":140,"column":6},"end":{"line":142,"column":7}},{"start":{},"end":{}}]},"8":{"loc":{"start":{"line":166,"column":4},"end":{"line":168,"column":5}},"type":"if","locations":[{"start":{"line":166,"column":4},"end":{"line":168,"column":5}},{"start":{},"end":{}}]},"9":{"loc":{"start":{"line":173,"column":6},"end":{"line":175,"column":7}},"type":"if","locations":[{"start":{"line":173,"column":6},"end":{"line":175,"column":7}},{"start":{},"end":{}}]},"10":{"loc":{"start":{"line":220,"column":6},"end":{"line":222,"column":7}},"type":"if","locations":[{"start":{"line":220,"column":6},"end":{"line":222,"column":7}},{"start":{},"end":{}}]},"11":{"loc":{"start":{"line":220,"column":10},"end":{"line":220,"column":39}},"type":"binary-expr","locations":[{"start":{"line":220,"column":10},"end":{"line":220,"column":19}},{"start":{"line":220,"column":23},"end":{"line":220,"column":39}}]},"12":{"loc":{"start":{"line":225,"column":6},"end":{"line":227,"column":7}},"type":"if","locations":[{"start":{"line":225,"column":6},"end":{"line":227,"column":7}},{"start":{},"end":{}}]},"13":{"loc":{"start":{"line":225,"column":10},"end":{"line":225,"column":39}},"type":"binary-expr","locations":[{"start":{"line":225,"column":10},"end":{"line":225,"column":19}},{"start":{"line":225,"column":23},"end":{"line":225,"column":39}}]},"14":{"loc":{"start":{"line":230,"column":6},"end":{"line":245,"column":7}},"type":"if","locations":[{"start":{"line":230,"column":6},"end":{"line":245,"column":7}},{"start":{"line":238,"column":13},"end":{"line":245,"column":7}}]},"15":{"loc":{"start":{"line":230,"column":10},"end":{"line":230,"column":90}},"type":"binary-expr","locations":[{"start":{"line":230,"column":10},"end":{"line":230,"column":20}},{"start":{"line":230,"column":25},"end":{"line":230,"column":55}},{"start":{"line":230,"column":59},"end":{"line":230,"column":89}}]},"16":{"loc":{"start":{"line":238,"column":13},"end":{"line":245,"column":7}},"type":"if","locations":[{"start":{"line":238,"column":13},"end":{"line":245,"column":7}},{"start":{"line":241,"column":13},"end":{"line":245,"column":7}}]},"17":{"loc":{"start":{"line":238,"column":17},"end":{"line":238,"column":83}},"type":"binary-expr","locations":[{"start":{"line":238,"column":17},"end":{"line":238,"column":27}},{"start":{"line":238,"column":31},"end":{"line":238,"column":48}},{"start":{"line":238,"column":52},"end":{"line":238,"column":83}}]},"18":{"loc":{"start":{"line":241,"column":13},"end":{"line":245,"column":7}},"type":"if","locations":[{"start":{"line":241,"column":13},"end":{"line":245,"column":7}},{"start":{},"end":{}}]},"19":{"loc":{"start":{"line":241,"column":17},"end":{"line":241,"column":61}},"type":"binary-expr","locations":[{"start":{"line":241,"column":17},"end":{"line":241,"column":27}},{"start":{"line":241,"column":31},"end":{"line":241,"column":61}}]},"20":{"loc":{"start":{"line":255,"column":11},"end":{"line":255,"column":57}},"type":"binary-expr","locations":[{"start":{"line":255,"column":11},"end":{"line":255,"column":33}},{"start":{"line":255,"column":37},"end":{"line":255,"column":57}}]}},"s":{"0":1,"1":1,"2":1,"3":1,"4":5,"5":4,"6":4,"7":1,"8":3,"9":1,"10":2,"11":8,"12":1,"13":7,"14":7,"15":7,"16":7,"17":7,"18":7,"19":7,"20":0,"21":0,"22":0,"23":0,"24":0,"25":0,"26":0,"27":0,"28":0,"29":0,"30":0,"31":0,"32":0,"33":0,"34":0,"35":0,"36":0,"37":0,"38":0,"39":0,"40":0,"41":0,"42":0,"43":0,"44":0,"45":0,"46":0,"47":0,"48":0,"49":0,"50":0,"51":0,"52":0,"53":0,"54":0,"55":0,"56":0,"57":0,"58":0,"59":0,"60":0,"61":4,"62":4,"63":0,"64":0,"65":0,"66":0,"67":0,"68":0,"69":0,"70":0,"71":0,"72":0,"73":0,"74":0,"75":0,"76":0,"77":0,"78":4,"79":18,"80":1},"f":{"0":5,"1":4,"2":8,"3":0,"4":0,"5":0,"6":0,"7":0,"8":4,"9":18},"b":{"0":[1,3],"1":[1,2],"2":[3,2],"3":[1,7],"4":[0,0],"5":[0,0],"6":[0,0],"7":[0,0],"8":[0,0],"9":[0,0],"10":[0,0],"11":[0,0],"12":[0,0],"13":[0,0],"14":[0,0],"15":[0,0,0],"16":[0,0],"17":[0,0,0],"18":[0,0],"19":[0,0],"20":[18,14]}}
,"/home/runner/work/gopr-uav-ops-manager/gopr-uav-ops-manager/goprUavOpsManager/services/userService.ts": {"path":"/home/runner/work/gopr-uav-ops-manager/gopr-uav-ops-manager/goprUavOpsManager/services/userService.ts","statementMap":{"0":{"start":{"line":2,"column":0},"end":{"line":2,"column":42}},"1":{"start":{"line":3,"column":0},"end":{"line":3,"column":74}},"2":{"start":{"line":4,"column":0},"end":{"line":4,"column":59}},"3":{"start":{"line":5,"column":0},"end":{"line":5,"column":61}},"4":{"start":{"line":10,"column":4},"end":{"line":12,"column":5}},"5":{"start":{"line":11,"column":6},"end":{"line":11,"column":93}},"6":{"start":{"line":14,"column":4},"end":{"line":14,"column":37}},"7":{"start":{"line":20,"column":4},"end":{"line":22,"column":5}},"8":{"start":{"line":21,"column":6},"end":{"line":21,"column":76}},"9":{"start":{"line":24,"column":4},"end":{"line":24,"column":39}},"10":{"start":{"line":35,"column":4},"end":{"line":37,"column":5}},"11":{"start":{"line":36,"column":6},"end":{"line":36,"column":78}},"12":{"start":{"line":40,"column":4},"end":{"line":42,"column":5}},"13":{"start":{"line":41,"column":6},"end":{"line":41,"column":83}},"14":{"start":{"line":45,"column":24},"end":{"line":45,"column":57}},"15":{"start":{"line":46,"column":4},"end":{"line":48,"column":5}},"16":{"start":{"line":47,"column":6},"end":{"line":47,"column":40}},"17":{"start":{"line":50,"column":4},"end":{"line":93,"column":5}},"18":{"start":{"line":53,"column":29},"end":{"line":58,"column":8}},"19":{"start":{"line":61,"column":24},"end":{"line":61,"column":45}},"20":{"start":{"line":64,"column":6},"end":{"line":73,"column":9}},"21":{"start":{"line":65,"column":8},"end":{"line":72,"column":9}},"22":{"start":{"line":67,"column":29},"end":{"line":67,"column":67}},"23":{"start":{"line":68,"column":33},"end":{"line":68,"column":65}},"24":{"start":{"line":69,"column":11},"end":{"line":69,"column":84}},"25":{"start":{"line":71,"column":11},"end":{"line":71,"column":75}},"26":{"start":{"line":76,"column":6},"end":{"line":76,"column":53}},"27":{"start":{"line":79,"column":29},"end":{"line":79,"column":76}},"28":{"start":{"line":80,"column":6},"end":{"line":89,"column":9}},"29":{"start":{"line":91,"column":6},"end":{"line":91,"column":51}},"30":{"start":{"line":92,"column":6},"end":{"line":92,"column":47}},"31":{"start":{"line":98,"column":4},"end":{"line":98,"column":44}},"32":{"start":{"line":104,"column":4},"end":{"line":127,"column":5}},"33":{"start":{"line":105,"column":25},"end":{"line":105,"column":68}},"34":{"start":{"line":108,"column":26},"end":{"line":110,"column":24}},"35":{"start":{"line":112,"column":6},"end":{"line":117,"column":8}},"36":{"start":{"line":119,"column":6},"end":{"line":119,"column":63}},"37":{"start":{"line":121,"column":6},"end":{"line":126,"column":8}},"38":{"start":{"line":133,"column":23},"end":{"line":133,"column":63}},"39":{"start":{"line":134,"column":4},"end":{"line":134,"column":34}},"40":{"start":{"line":139,"column":4},"end":{"line":139,"column":46}},"41":{"start":{"line":7,"column":0},"end":{"line":7,"column":13}}},"fnMap":{"0":{"name":"(anonymous_0)","decl":{"start":{"line":9,"column":2},"end":{"line":9,"column":8}},"loc":{"start":{"line":9,"column":42},"end":{"line":15,"column":3}}},"1":{"name":"(anonymous_1)","decl":{"start":{"line":18,"column":2},"end":{"line":18,"column":8}},"loc":{"start":{"line":18,"column":81},"end":{"line":25,"column":3}}},"2":{"name":"(anonymous_2)","decl":{"start":{"line":28,"column":2},"end":{"line":28,"column":8}},"loc":{"start":{"line":32,"column":24},"end":{"line":94,"column":3}}},"3":{"name":"(anonymous_3)","decl":{"start":{"line":64,"column":36},"end":{"line":64,"column":39}},"loc":{"start":{"line":64,"column":42},"end":{"line":73,"column":7}}},"4":{"name":"(anonymous_4)","decl":{"start":{"line":97,"column":2},"end":{"line":97,"column":8}},"loc":{"start":{"line":97,"column":39},"end":{"line":99,"column":3}}},"5":{"name":"(anonymous_5)","decl":{"start":{"line":103,"column":2},"end":{"line":103,"column":8}},"loc":{"start":{"line":103,"column":44},"end":{"line":128,"column":3}}},"6":{"name":"(anonymous_6)","decl":{"start":{"line":132,"column":2},"end":{"line":132,"column":8}},"loc":{"start":{"line":132,"column":45},"end":{"line":135,"column":3}}},"7":{"name":"(anonymous_7)","decl":{"start":{"line":138,"column":2},"end":{"line":138,"column":8}},"loc":{"start":{"line":138,"column":42},"end":{"line":140,"column":3}}}},"branchMap":{"0":{"loc":{"start":{"line":10,"column":4},"end":{"line":12,"column":5}},"type":"if","locations":[{"start":{"line":10,"column":4},"end":{"line":12,"column":5}},{"start":{},"end":{}}]},"1":{"loc":{"start":{"line":10,"column":8},"end":{"line":10,"column":54}},"type":"binary-expr","locations":[{"start":{"line":10,"column":8},"end":{"line":10,"column":28}},{"start":{"line":10,"column":32},"end":{"line":10,"column":54}}]},"2":{"loc":{"start":{"line":20,"column":4},"end":{"line":22,"column":5}},"type":"if","locations":[{"start":{"line":20,"column":4},"end":{"line":22,"column":5}},{"start":{},"end":{}}]},"3":{"loc":{"start":{"line":20,"column":8},"end":{"line":20,"column":88}},"type":"binary-expr","locations":[{"start":{"line":20,"column":8},"end":{"line":20,"column":33}},{"start":{"line":20,"column":37},"end":{"line":20,"column":64}},{"start":{"line":20,"column":68},"end":{"line":20,"column":88}}]},"4":{"loc":{"start":{"line":35,"column":4},"end":{"line":37,"column":5}},"type":"if","locations":[{"start":{"line":35,"column":4},"end":{"line":37,"column":5}},{"start":{},"end":{}}]},"5":{"loc":{"start":{"line":35,"column":8},"end":{"line":35,"column":102}},"type":"binary-expr","locations":[{"start":{"line":35,"column":8},"end":{"line":35,"column":40}},{"start":{"line":35,"column":44},"end":{"line":35,"column":78}},{"start":{"line":35,"column":82},"end":{"line":35,"column":102}}]},"6":{"loc":{"start":{"line":40,"column":4},"end":{"line":42,"column":5}},"type":"if","locations":[{"start":{"line":40,"column":4},"end":{"line":42,"column":5}},{"start":{},"end":{}}]},"7":{"loc":{"start":{"line":40,"column":8},"end":{"line":40,"column":57}},"type":"binary-expr","locations":[{"start":{"line":40,"column":8},"end":{"line":40,"column":21}},{"start":{"line":40,"column":25},"end":{"line":40,"column":57}}]},"8":{"loc":{"start":{"line":46,"column":4},"end":{"line":48,"column":5}},"type":"if","locations":[{"start":{"line":46,"column":4},"end":{"line":48,"column":5}},{"start":{},"end":{}}]},"9":{"loc":{"start":{"line":65,"column":8},"end":{"line":72,"column":9}},"type":"if","locations":[{"start":{"line":65,"column":8},"end":{"line":72,"column":9}},{"start":{"line":70,"column":15},"end":{"line":72,"column":9}}]},"10":{"loc":{"start":{"line":65,"column":12},"end":{"line":65,"column":96}},"type":"binary-expr","locations":[{"start":{"line":65,"column":12},"end":{"line":65,"column":42}},{"start":{"line":65,"column":46},"end":{"line":65,"column":73}},{"start":{"line":65,"column":77},"end":{"line":65,"column":96}}]},"11":{"loc":{"start":{"line":69,"column":36},"end":{"line":69,"column":83}},"type":"cond-expr","locations":[{"start":{"line":69,"column":53},"end":{"line":69,"column":76}},{"start":{"line":69,"column":79},"end":{"line":69,"column":83}}]},"12":{"loc":{"start":{"line":108,"column":26},"end":{"line":110,"column":24}},"type":"cond-expr","locations":[{"start":{"line":109,"column":10},"end":{"line":109,"column":57}},{"start":{"line":110,"column":10},"end":{"line":110,"column":24}}]},"13":{"loc":{"start":{"line":108,"column":26},"end":{"line":108,"column":68}},"type":"binary-expr","locations":[{"start":{"line":108,"column":26},"end":{"line":108,"column":46}},{"start":{"line":108,"column":50},"end":{"line":108,"column":68}}]}},"s":{"0":1,"1":1,"2":1,"3":1,"4":10,"5":3,"6":7,"7":9,"8":2,"9":7,"10":9,"11":1,"12":8,"13":2,"14":6,"15":6,"16":1,"17":5,"18":5,"19":5,"20":5,"21":6,"22":0,"23":0,"24":0,"25":6,"26":5,"27":5,"28":5,"29":0,"30":0,"31":0,"32":0,"33":0,"34":0,"35":0,"36":0,"37":0,"38":0,"39":0,"40":0,"41":1},"f":{"0":10,"1":9,"2":9,"3":6,"4":0,"5":0,"6":0,"7":0},"b":{"0":[3,7],"1":[10,5],"2":[2,7],"3":[9,6,4],"4":[1,8],"5":[9,4,3],"6":[2,6],"7":[8,3],"8":[1,5],"9":[0,6],"10":[6,6,6],"11":[0,0],"12":[0,0],"13":[0,0]}}
}
