TN:
SF:services/auditLogService.ts
FN:10,(anonymous_0)
FN:33,(anonymous_1)
FN:40,(anonymous_2)
FN:47,(anonymous_3)
FN:54,(anonymous_4)
FN:61,(anonymous_5)
FNF:6
FNH:6
FNDA:9,(anonymous_0)
FNDA:2,(anonymous_1)
FNDA:1,(anonymous_2)
FNDA:2,(anonymous_3)
FNDA:2,(anonymous_4)
FNDA:4,(anonymous_5)
DA:2,1
DA:3,1
DA:4,1
DA:6,1
DA:11,9
DA:12,9
DA:14,8
DA:19,8
DA:21,6
DA:22,6
DA:24,3
DA:26,3
DA:34,2
DA:41,1
DA:48,2
DA:55,2
DA:62,4
DA:63,1
DA:66,3
DA:67,1
DA:70,2
DA:71,1
DA:74,1
DA:75,0
DA:78,1
DA:80,1
DA:82,1
DA:83,1
DA:87,0
LF:29
LH:27
BRDA:21,0,0,6
BRDA:21,0,1,3
BRDA:21,1,0,5
BRDA:21,1,1,1
BRDA:47,2,0,1
BRDA:54,3,0,1
BRDA:62,4,0,1
BRDA:62,4,1,3
BRDA:66,5,0,1
BRDA:66,5,1,2
BRDA:70,6,0,1
BRDA:70,6,1,1
BRDA:74,7,0,0
BRDA:74,7,1,1
BRDA:78,8,0,1
BRDA:78,8,1,0
BRDA:78,9,0,1
BRDA:78,9,1,1
BRDA:78,9,2,1
BRDA:82,10,0,1
BRDA:82,10,1,0
BRF:21
BRH:18
end_of_record
TN:
SF:services/droneService.ts
FN:10,(anonymous_0)
FN:14,(anonymous_1)
FN:18,(anonymous_2)
FN:37,(anonymous_3)
FN:91,(anonymous_4)
FN:120,(anonymous_5)
FN:123,(anonymous_6)
FN:166,(anonymous_7)
FN:199,(anonymous_8)
FN:232,(anonymous_9)
FN:261,(anonymous_10)
FN:305,(anonymous_11)
FN:308,(anonymous_12)
FN:309,(anonymous_13)
FN:317,(anonymous_14)
FN:318,(anonymous_15)
FN:325,(anonymous_16)
FN:328,(anonymous_17)
FN:338,(anonymous_18)
FN:343,(anonymous_19)
FN:348,(anonymous_20)
FN:361,(anonymous_21)
FN:374,(anonymous_22)
FN:383,(anonymous_23)
FN:392,(anonymous_24)
FN:404,(anonymous_25)
FNF:26
FNH:14
FNDA:1,(anonymous_0)
FNDA:1,(anonymous_1)
FNDA:3,(anonymous_2)
FNDA:6,(anonymous_3)
FNDA:6,(anonymous_4)
FNDA:1,(anonymous_5)
FNDA:1,(anonymous_6)
FNDA:5,(anonymous_7)
FNDA:5,(anonymous_8)
FNDA:5,(anonymous_9)
FNDA:5,(anonymous_10)
FNDA:0,(anonymous_11)
FNDA:0,(anonymous_12)
FNDA:0,(anonymous_13)
FNDA:0,(anonymous_14)
FNDA:0,(anonymous_15)
FNDA:0,(anonymous_16)
FNDA:0,(anonymous_17)
FNDA:25,(anonymous_18)
FNDA:7,(anonymous_19)
FNDA:12,(anonymous_20)
FNDA:0,(anonymous_21)
FNDA:0,(anonymous_22)
FNDA:0,(anonymous_23)
FNDA:0,(anonymous_24)
FNDA:0,(anonymous_25)
DA:2,1
DA:3,1
DA:4,1
DA:6,1
DA:8,1
DA:11,1
DA:14,1
DA:19,3
DA:21,3
DA:22,1
DA:26,2
DA:27,1
DA:31,1
DA:33,1
DA:38,6
DA:39,1
DA:42,5
DA:44,5
DA:47,5
DA:48,5
DA:49,1
DA:57,5
DA:58,5
DA:59,1
DA:63,5
DA:69,5
DA:72,5
DA:73,5
DA:83,5
DA:85,0
DA:86,0
DA:92,6
DA:93,1
DA:96,5
DA:98,5
DA:99,5
DA:100,1
DA:104,4
DA:105,1
DA:109,3
DA:110,3
DA:111,1
DA:118,1
DA:119,1
DA:120,1
DA:123,1
DA:124,1
DA:125,1
DA:127,0
DA:133,3
DA:134,0
DA:137,0
DA:141,3
DA:142,3
DA:145,3
DA:148,2
DA:149,2
DA:160,3
DA:161,3
DA:167,5
DA:168,1
DA:171,4
DA:173,4
DA:174,4
DA:175,1
DA:179,3
DA:182,2
DA:183,2
DA:193,2
DA:194,2
DA:200,5
DA:201,2
DA:204,3
DA:206,3
DA:207,3
DA:208,1
DA:212,2
DA:215,1
DA:216,1
DA:226,2
DA:227,2
DA:234,5
DA:235,1
DA:239,4
DA:240,1
DA:246,1
DA:254,3
DA:262,5
DA:263,1
DA:266,4
DA:268,4
DA:269,4
DA:271,4
DA:272,23
DA:275,23
DA:276,2
DA:277,2
DA:282,1
DA:284,1
DA:287,1
DA:288,1
DA:292,23
DA:295,4
DA:301,4
DA:307,0
DA:308,0
DA:309,0
DA:310,0
DA:311,0
DA:316,0
DA:317,0
DA:318,0
DA:319,0
DA:320,0
DA:325,0
DA:328,0
DA:329,0
DA:330,0
DA:332,0
DA:339,25
DA:344,7
DA:349,12
DA:350,4
DA:352,8
DA:353,8
DA:354,8
DA:355,4
DA:357,4
DA:362,0
DA:363,0
DA:365,0
DA:366,0
DA:367,0
DA:368,0
DA:370,0
DA:375,0
DA:376,0
DA:378,0
DA:379,0
DA:384,0
DA:385,0
DA:387,0
DA:388,0
DA:394,0
DA:395,0
DA:396,0
DA:397,0
DA:398,0
DA:400,0
DA:405,0
DA:406,0
DA:409,0
LF:152
LH:108
BRDA:21,0,0,1
BRDA:21,0,1,2
BRDA:26,1,0,1
BRDA:26,1,1,1
BRDA:26,2,0,2
BRDA:26,2,1,2
BRDA:38,3,0,1
BRDA:38,3,1,5
BRDA:48,4,0,1
BRDA:48,4,1,4
BRDA:48,5,0,5
BRDA:48,5,1,5
BRDA:58,6,0,1
BRDA:58,6,1,4
BRDA:58,7,0,5
BRDA:58,7,1,1
BRDA:92,8,0,1
BRDA:92,8,1,5
BRDA:99,9,0,1
BRDA:99,9,1,4
BRDA:104,10,0,1
BRDA:104,10,1,3
BRDA:104,11,0,4
BRDA:104,11,1,1
BRDA:110,12,0,1
BRDA:110,12,1,2
BRDA:118,13,0,1
BRDA:118,13,1,0
BRDA:133,14,0,0
BRDA:133,14,1,3
BRDA:167,15,0,1
BRDA:167,15,1,4
BRDA:174,16,0,1
BRDA:174,16,1,3
BRDA:200,17,0,2
BRDA:200,17,1,3
BRDA:207,18,0,1
BRDA:207,18,1,2
BRDA:234,19,0,1
BRDA:234,19,1,4
BRDA:234,20,0,5
BRDA:234,20,1,3
BRDA:239,21,0,1
BRDA:239,21,1,3
BRDA:239,22,0,4
BRDA:239,22,1,4
BRDA:262,23,0,1
BRDA:262,23,1,4
BRDA:262,24,0,5
BRDA:262,24,1,5
BRDA:275,25,0,2
BRDA:275,25,1,21
BRDA:275,26,0,23
BRDA:275,26,1,3
BRDA:305,27,0,0
BRDA:305,28,0,0
BRDA:310,29,0,0
BRDA:310,29,1,0
BRDA:310,30,0,0
BRDA:310,30,1,0
BRDA:319,31,0,0
BRDA:319,31,1,0
BRDA:319,32,0,0
BRDA:319,32,1,0
BRDA:339,33,0,25
BRDA:339,33,1,20
BRDA:349,34,0,4
BRDA:349,34,1,8
BRDA:354,35,0,4
BRDA:354,35,1,4
BRDA:362,36,0,0
BRDA:362,36,1,0
BRDA:367,37,0,0
BRDA:367,37,1,0
BRDA:375,38,0,0
BRDA:375,38,1,0
BRDA:384,39,0,0
BRDA:384,39,1,0
BRDA:394,40,0,0
BRDA:394,40,1,0
BRDA:394,41,0,0
BRDA:394,41,1,0
BRDA:394,41,2,0
BRDA:405,42,0,0
BRDA:405,42,1,0
BRF:85
BRH:58
end_of_record
TN:
SF:services/flightService.ts
FN:9,(anonymous_0)
FN:14,(anonymous_1)
FN:30,(anonymous_2)
FN:63,(anonymous_3)
FN:107,(anonymous_4)
FNF:5
FNH:5
FNDA:2,(anonymous_0)
FNDA:10,(anonymous_1)
FNDA:5,(anonymous_2)
FNDA:7,(anonymous_3)
FNDA:4,(anonymous_4)
DA:2,1
DA:3,1
DA:5,1
DA:7,1
DA:10,2
DA:15,10
DA:17,9
DA:18,1
DA:22,8
DA:23,2
DA:26,6
DA:35,5
DA:37,5
DA:44,5
DA:45,5
DA:55,5
DA:57,0
DA:58,0
DA:69,7
DA:71,7
DA:72,7
DA:73,1
DA:77,6
DA:78,1
DA:82,5
DA:83,5
DA:86,5
DA:89,4
DA:90,4
DA:101,3
DA:102,3
DA:112,4
LF:32
LH:30
BRDA:17,0,0,1
BRDA:17,0,1,8
BRDA:22,1,0,2
BRDA:22,1,1,6
BRDA:22,2,0,8
BRDA:22,2,1,5
BRDA:22,2,2,3
BRDA:40,3,0,5
BRDA:40,3,1,2
BRDA:52,4,0,5
BRDA:52,4,1,2
BRDA:72,5,0,1
BRDA:72,5,1,6
BRDA:77,6,0,1
BRDA:77,6,1,5
BRDA:77,7,0,6
BRDA:77,7,1,5
BRDA:77,7,2,4
BRDA:112,8,0,4
BRDA:112,8,1,2
BRF:20
BRH:20
end_of_record
TN:
SF:services/imageService.ts
FN:18,(anonymous_9)
FN:113,(anonymous_10)
FN:130,(anonymous_11)
FNF:3
FNH:3
FNDA:16,(anonymous_9)
FNDA:3,(anonymous_10)
FNDA:3,(anonymous_11)
DA:1,1
DA:2,1
DA:3,1
DA:4,1
DA:10,1
DA:19,16
DA:21,16
DA:22,1
DA:25,15
DA:26,1
DA:30,14
DA:38,14
DA:39,2
DA:42,12
DA:44,12
DA:45,3
DA:46,3
DA:48,2
DA:53,9
DA:55,9
DA:57,0
DA:59,0
DA:60,0
DA:61,0
DA:64,0
DA:65,0
DA:69,0
DA:70,9
DA:72,6
DA:75,3
DA:76,3
DA:77,0
DA:80,3
DA:81,3
DA:82,3
DA:85,9
DA:90,7
DA:91,1
DA:95,9
DA:98,9
DA:99,0
DA:102,9
DA:104,7
DA:105,7
DA:114,3
DA:115,3
DA:116,3
DA:118,1
DA:131,3
DA:133,3
DA:134,4
DA:137,4
DA:138,4
DA:139,4
DA:140,4
DA:141,3
DA:143,1
DA:146,0
DA:148,0
DA:149,0
DA:151,0
DA:156,3
LF:62
LH:49
BRDA:21,0,0,1
BRDA:21,0,1,15
BRDA:21,1,0,16
BRDA:21,1,1,15
BRDA:25,2,0,1
BRDA:25,2,1,14
BRDA:25,3,0,15
BRDA:25,3,1,14
BRDA:38,4,0,2
BRDA:38,4,1,12
BRDA:38,5,0,14
BRDA:38,5,1,13
BRDA:44,6,0,3
BRDA:44,6,1,9
BRDA:55,7,0,0
BRDA:55,7,1,9
BRDA:60,8,0,0
BRDA:60,8,1,0
BRDA:70,9,0,6
BRDA:70,9,1,3
BRDA:76,10,0,0
BRDA:76,10,1,3
BRDA:90,11,0,1
BRDA:90,11,1,6
BRDA:90,12,0,7
BRDA:90,12,1,1
BRDA:98,13,0,0
BRDA:98,13,1,9
BRDA:98,14,0,9
BRDA:98,14,1,0
BRDA:137,15,0,4
BRDA:137,15,1,0
BRDA:137,16,0,4
BRDA:137,16,1,4
BRDA:137,16,2,4
BRDA:146,17,0,0
BRDA:146,17,1,0
BRDA:146,18,0,0
BRDA:146,18,1,0
BRDA:146,18,2,0
BRDA:149,19,0,0
BRDA:149,19,1,0
BRDA:149,20,0,0
BRDA:149,20,1,0
BRF:44
BRH:28
end_of_record
TN:
SF:services/locationService.ts
FN:57,(anonymous_9)
FN:67,(anonymous_10)
FN:95,(anonymous_11)
FN:110,(anonymous_12)
FN:116,(anonymous_13)
FN:117,(anonymous_14)
FN:141,(anonymous_15)
FN:150,(anonymous_16)
FN:205,(anonymous_17)
FN:210,(anonymous_18)
FN:297,(anonymous_19)
FN:327,(anonymous_20)
FNF:12
FNH:10
FNDA:5,(anonymous_9)
FNDA:5,(anonymous_10)
FNDA:0,(anonymous_11)
FNDA:17,(anonymous_12)
FNDA:31,(anonymous_13)
FNDA:24,(anonymous_14)
FNDA:9,(anonymous_15)
FNDA:17,(anonymous_16)
FNDA:5,(anonymous_17)
FNDA:1,(anonymous_18)
FNDA:17,(anonymous_19)
FNDA:0,(anonymous_20)
DA:30,1
DA:49,1
DA:50,1
DA:51,1
DA:58,5
DA:59,5
DA:68,5
DA:70,5
DA:71,5
DA:72,1
DA:75,4
DA:77,4
DA:81,2
DA:86,2
DA:87,2
DA:96,0
DA:97,0
DA:99,0
DA:111,17
DA:112,1
DA:115,16
DA:116,31
DA:117,24
DA:118,6
DA:121,10
DA:124,10
DA:125,3
DA:128,7
DA:130,0
DA:131,0
DA:142,9
DA:151,17
DA:152,17
DA:154,17
DA:156,15
DA:157,11
DA:159,11
DA:162,11
DA:165,11
DA:168,11
DA:171,11
DA:172,11
DA:173,11
DA:174,11
DA:175,10
DA:179,11
DA:182,11
DA:184,11
DA:185,11
DA:186,11
DA:187,11
DA:191,4
DA:192,4
DA:194,2
DA:195,2
DA:206,5
DA:207,5
DA:209,5
DA:210,5
DA:212,5
DA:222,4
DA:224,4
DA:225,0
DA:228,2
DA:229,2
DA:231,2
DA:233,1
DA:234,1
DA:237,1
DA:240,1
DA:241,1
DA:244,1
DA:245,1
DA:246,1
DA:247,1
DA:248,1
DA:252,1
DA:253,1
DA:256,1
DA:258,1
DA:259,1
DA:260,1
DA:261,1
DA:265,1
DA:267,0
DA:270,0
DA:271,0
DA:272,0
DA:273,0
DA:274,0
DA:276,0
DA:277,0
DA:280,1
DA:282,3
DA:283,0
DA:285,3
DA:287,3
DA:298,17
DA:300,17
DA:303,17
DA:304,17
DA:305,11
DA:309,6
DA:310,5
DA:311,5
DA:312,5
DA:313,1
DA:318,5
DA:319,5
DA:328,0
DA:329,0
LF:111
LH:94
BRDA:71,0,0,1
BRDA:71,0,1,4
BRDA:111,1,0,1
BRDA:111,1,1,16
BRDA:111,2,0,17
BRDA:111,2,1,16
BRDA:111,3,0,16
BRDA:111,3,1,0
BRDA:116,4,0,31
BRDA:116,4,1,1
BRDA:117,5,0,6
BRDA:117,5,1,10
BRDA:117,6,0,16
BRDA:117,6,1,13
BRDA:124,7,0,3
BRDA:124,7,1,7
BRDA:124,8,0,10
BRDA:124,8,1,10
BRDA:124,8,2,8
BRDA:124,8,3,8
BRDA:141,9,0,7
BRDA:156,10,0,11
BRDA:156,10,1,4
BRDA:156,11,0,15
BRDA:156,11,1,15
BRDA:165,12,0,10
BRDA:165,12,1,1
BRDA:168,13,0,11
BRDA:168,13,1,0
BRDA:172,14,0,10
BRDA:172,14,1,1
BRDA:173,15,0,10
BRDA:173,15,1,1
BRDA:174,16,0,10
BRDA:174,16,1,1
BRDA:179,17,0,10
BRDA:179,17,1,1
BRDA:179,18,0,11
BRDA:179,18,1,10
BRDA:182,19,0,11
BRDA:182,19,1,0
BRDA:182,20,0,11
BRDA:182,20,1,11
BRDA:184,21,0,11
BRDA:184,21,1,0
BRDA:205,22,0,0
BRDA:224,23,0,0
BRDA:224,23,1,2
BRDA:231,24,0,1
BRDA:231,24,1,1
BRDA:231,25,0,2
BRDA:231,25,1,2
BRDA:237,26,0,1
BRDA:237,26,1,0
BRDA:240,27,0,1
BRDA:240,27,1,0
BRDA:240,27,2,0
BRDA:240,27,3,0
BRDA:241,28,0,1
BRDA:241,28,1,0
BRDA:245,29,0,1
BRDA:245,29,1,0
BRDA:246,30,0,1
BRDA:246,30,1,0
BRDA:247,31,0,1
BRDA:247,31,1,0
BRDA:252,32,0,1
BRDA:252,32,1,0
BRDA:253,33,0,1
BRDA:253,33,1,0
BRDA:253,34,0,1
BRDA:253,34,1,1
BRDA:256,35,0,1
BRDA:256,35,1,0
BRDA:256,36,0,1
BRDA:256,36,1,1
BRDA:258,37,0,1
BRDA:258,37,1,0
BRDA:265,38,0,0
BRDA:265,38,1,1
BRDA:265,39,0,1
BRDA:265,39,1,1
BRDA:274,40,0,0
BRDA:274,40,1,0
BRDA:282,41,0,0
BRDA:282,41,1,3
BRDA:282,42,0,3
BRDA:282,42,1,3
BRDA:298,43,0,13
BRDA:298,44,0,15
BRDA:298,45,0,17
BRDA:298,45,1,12
BRDA:304,46,0,11
BRDA:304,46,1,6
BRDA:309,47,0,5
BRDA:309,47,1,1
BRDA:312,48,0,1
BRDA:312,48,1,4
BRDA:330,49,0,0
BRDA:330,49,1,0
BRDA:330,49,2,0
BRDA:330,49,3,0
BRDA:330,49,4,0
BRDA:330,49,5,0
BRDA:330,49,6,0
BRDA:330,49,7,0
BRF:106
BRH:76
end_of_record
TN:
SF:services/offlineProcedureChecklistService.ts
FN:33,(anonymous_1)
FN:75,(anonymous_2)
FN:110,(anonymous_3)
FN:145,(anonymous_4)
FN:175,(anonymous_5)
FN:197,(anonymous_6)
FN:204,(anonymous_7)
FN:227,(anonymous_8)
FN:241,(anonymous_9)
FN:255,(anonymous_10)
FN:282,(anonymous_11)
FN:285,(anonymous_12)
FN:287,(anonymous_13)
FN:297,(anonymous_14)
FN:325,(anonymous_15)
FN:341,(anonymous_16)
FN:358,(anonymous_17)
FN:371,(anonymous_18)
FN:391,(anonymous_19)
FN:396,(anonymous_20)
FN:397,(anonymous_21)
FN:414,(anonymous_22)
FN:415,(anonymous_23)
FNF:23
FNH:16
FNDA:8,(anonymous_1)
FNDA:0,(anonymous_2)
FNDA:0,(anonymous_3)
FNDA:2,(anonymous_4)
FNDA:0,(anonymous_5)
FNDA:0,(anonymous_6)
FNDA:0,(anonymous_7)
FNDA:0,(anonymous_8)
FNDA:1,(anonymous_9)
FNDA:1,(anonymous_10)
FNDA:6,(anonymous_11)
FNDA:5,(anonymous_12)
FNDA:9,(anonymous_13)
FNDA:5,(anonymous_14)
FNDA:2,(anonymous_15)
FNDA:1,(anonymous_16)
FNDA:13,(anonymous_17)
FNDA:2,(anonymous_18)
FNDA:5,(anonymous_19)
FNDA:4,(anonymous_20)
FNDA:7,(anonymous_21)
FNDA:3,(anonymous_22)
FNDA:0,(anonymous_23)
DA:1,1
DA:3,1
DA:4,1
DA:5,1
DA:22,1
DA:23,1
DA:24,1
DA:25,1
DA:26,1
DA:34,8
DA:35,8
DA:38,8
DA:39,8
DA:43,1
DA:44,1
DA:47,7
DA:50,7
DA:53,7
DA:54,6
DA:57,6
DA:60,5
DA:62,5
DA:64,2
DA:65,2
DA:76,0
DA:77,0
DA:80,0
DA:84,0
DA:85,0
DA:86,0
DA:88,0
DA:89,0
DA:90,0
DA:94,0
DA:97,0
DA:99,0
DA:101,0
DA:102,0
DA:111,0
DA:112,0
DA:115,0
DA:116,0
DA:120,0
DA:121,0
DA:125,0
DA:126,0
DA:130,0
DA:131,0
DA:134,0
DA:136,0
DA:137,0
DA:149,2
DA:151,2
DA:153,2
DA:155,2
DA:156,1
DA:157,1
DA:159,1
DA:160,1
DA:165,0
DA:166,0
DA:167,0
DA:171,0
DA:172,0
DA:175,0
DA:176,0
DA:179,0
DA:181,0
DA:184,0
DA:185,0
DA:186,0
DA:187,0
DA:190,0
DA:201,0
DA:203,0
DA:204,0
DA:206,0
DA:207,0
DA:208,0
DA:212,0
DA:213,0
DA:214,0
DA:218,0
DA:219,0
DA:221,0
DA:223,0
DA:226,0
DA:227,0
DA:229,0
DA:230,0
DA:231,0
DA:234,0
DA:242,1
DA:243,1
DA:244,1
DA:245,1
DA:246,1
DA:248,0
DA:260,1
DA:261,1
DA:262,1
DA:264,1
DA:270,0
DA:271,0
DA:283,6
DA:285,6
DA:287,9
DA:297,6
DA:304,6
DA:307,5
DA:314,5
DA:315,5
DA:317,1
DA:318,1
DA:326,2
DA:327,2
DA:330,2
DA:331,1
DA:334,1
DA:335,1
DA:336,0
DA:340,1
DA:341,1
DA:348,1
DA:350,0
DA:351,0
DA:359,13
DA:360,13
DA:361,13
DA:363,0
DA:364,0
DA:372,2
DA:373,2
DA:374,2
DA:375,0
DA:378,2
DA:379,2
DA:381,2
DA:383,0
DA:384,0
DA:392,5
DA:393,5
DA:396,5
DA:397,4
DA:398,7
DA:400,3
DA:401,4
DA:402,0
DA:407,5
DA:410,5
DA:411,5
DA:412,3
DA:413,3
DA:415,3
DA:416,0
DA:422,5
DA:424,0
LF:157
LH:83
BRDA:39,0,0,1
BRDA:39,0,1,7
BRDA:39,1,0,8
BRDA:39,1,1,3
BRDA:39,1,2,2
BRDA:39,1,3,2
BRDA:84,2,0,0
BRDA:84,2,1,0
BRDA:115,3,0,0
BRDA:115,3,1,0
BRDA:120,4,0,0
BRDA:120,4,1,0
BRDA:125,5,0,0
BRDA:125,5,1,0
BRDA:130,6,0,0
BRDA:130,6,1,0
BRDA:145,7,0,0
BRDA:153,8,0,2
BRDA:153,8,1,0
BRDA:153,9,0,2
BRDA:153,9,1,0
BRDA:155,10,0,1
BRDA:155,10,1,1
BRDA:165,11,0,0
BRDA:165,11,1,0
BRDA:165,12,0,0
BRDA:165,12,1,0
BRDA:185,13,0,0
BRDA:185,13,1,0
BRDA:197,14,0,0
BRDA:204,15,0,0
BRDA:204,15,1,0
BRDA:206,16,0,0
BRDA:206,16,1,0
BRDA:206,17,0,0
BRDA:206,17,1,0
BRDA:212,18,0,0
BRDA:212,18,1,0
BRDA:212,19,0,0
BRDA:212,19,1,0
BRDA:227,20,0,0
BRDA:227,20,1,0
BRDA:229,21,0,0
BRDA:229,21,1,0
BRDA:265,22,0,1
BRDA:265,22,1,0
BRDA:266,23,0,1
BRDA:266,23,1,0
BRDA:290,24,0,0
BRDA:290,24,1,9
BRDA:290,25,0,9
BRDA:290,25,1,4
BRDA:330,26,0,1
BRDA:330,26,1,1
BRDA:330,27,0,2
BRDA:330,27,1,1
BRDA:330,27,2,1
BRDA:335,28,0,0
BRDA:335,28,1,1
BRDA:343,29,0,1
BRDA:343,29,1,0
BRDA:344,30,0,1
BRDA:344,30,1,0
BRDA:345,31,0,0
BRDA:345,31,1,1
BRDA:361,32,0,7
BRDA:361,32,1,6
BRDA:374,33,0,0
BRDA:374,33,1,2
BRDA:398,34,0,3
BRDA:398,34,1,4
BRDA:398,35,0,7
BRDA:398,35,1,3
BRDA:401,36,0,0
BRDA:401,36,1,4
BRDA:401,37,0,4
BRDA:401,37,1,0
BRF:77
BRH:33
end_of_record
TN:
SF:services/procedureChecklistService.ts
FN:14,(anonymous_0)
FN:19,(anonymous_1)
FN:35,(anonymous_2)
FN:79,(anonymous_3)
FN:132,(anonymous_4)
FN:165,(anonymous_5)
FN:198,(anonymous_6)
FN:203,(anonymous_7)
FN:208,(anonymous_8)
FN:254,(anonymous_9)
FNF:10
FNH:5
FNDA:5,(anonymous_0)
FNDA:4,(anonymous_1)
FNDA:8,(anonymous_2)
FNDA:0,(anonymous_3)
FNDA:0,(anonymous_4)
FNDA:0,(anonymous_5)
FNDA:0,(anonymous_6)
FNDA:0,(anonymous_7)
FNDA:4,(anonymous_8)
FNDA:18,(anonymous_9)
DA:3,1
DA:4,1
DA:5,1
DA:8,1
DA:12,1
DA:15,5
DA:20,4
DA:22,4
DA:23,1
DA:27,3
DA:28,1
DA:31,2
DA:40,8
DA:41,1
DA:44,7
DA:46,7
DA:48,7
DA:57,7
DA:60,7
DA:61,7
DA:71,7
DA:73,0
DA:74,0
DA:85,0
DA:86,0
DA:89,0
DA:91,0
DA:92,0
DA:93,0
DA:97,0
DA:99,0
DA:107,0
DA:108,0
DA:111,0
DA:114,0
DA:115,0
DA:126,0
DA:127,0
DA:133,0
DA:134,0
DA:137,0
DA:139,0
DA:140,0
DA:141,0
DA:145,0
DA:148,0
DA:149,0
DA:159,0
DA:160,0
DA:166,0
DA:167,0
DA:170,0
DA:172,0
DA:173,0
DA:174,0
DA:178,0
DA:181,0
DA:182,0
DA:192,0
DA:193,0
DA:199,0
DA:204,0
DA:209,4
DA:211,4
DA:212,0
DA:220,0
DA:221,0
DA:225,0
DA:226,0
DA:230,0
DA:231,0
DA:232,0
DA:233,0
DA:235,0
DA:238,0
DA:240,0
DA:241,0
DA:243,0
DA:247,0
DA:250,4
DA:255,18
LF:81
LH:25
BRDA:22,0,0,1
BRDA:22,0,1,3
BRDA:27,1,0,1
BRDA:27,1,1,2
BRDA:27,2,0,3
BRDA:27,2,1,2
BRDA:40,3,0,1
BRDA:40,3,1,7
BRDA:85,4,0,0
BRDA:85,4,1,0
BRDA:92,5,0,0
BRDA:92,5,1,0
BRDA:133,6,0,0
BRDA:133,6,1,0
BRDA:140,7,0,0
BRDA:140,7,1,0
BRDA:166,8,0,0
BRDA:166,8,1,0
BRDA:173,9,0,0
BRDA:173,9,1,0
BRDA:220,10,0,0
BRDA:220,10,1,0
BRDA:220,11,0,0
BRDA:220,11,1,0
BRDA:225,12,0,0
BRDA:225,12,1,0
BRDA:225,13,0,0
BRDA:225,13,1,0
BRDA:230,14,0,0
BRDA:230,14,1,0
BRDA:230,15,0,0
BRDA:230,15,1,0
BRDA:230,15,2,0
BRDA:238,16,0,0
BRDA:238,16,1,0
BRDA:238,17,0,0
BRDA:238,17,1,0
BRDA:238,17,2,0
BRDA:241,18,0,0
BRDA:241,18,1,0
BRDA:241,19,0,0
BRDA:241,19,1,0
BRDA:255,20,0,18
BRDA:255,20,1,14
BRF:44
BRH:10
end_of_record
TN:
SF:services/userService.ts
FN:9,(anonymous_0)
FN:18,(anonymous_1)
FN:28,(anonymous_2)
FN:64,(anonymous_3)
FN:97,(anonymous_4)
FN:103,(anonymous_5)
FN:132,(anonymous_6)
FN:138,(anonymous_7)
FNF:8
FNH:4
FNDA:10,(anonymous_0)
FNDA:9,(anonymous_1)
FNDA:9,(anonymous_2)
FNDA:6,(anonymous_3)
FNDA:0,(anonymous_4)
FNDA:0,(anonymous_5)
FNDA:0,(anonymous_6)
FNDA:0,(anonymous_7)
DA:2,1
DA:3,1
DA:4,1
DA:5,1
DA:7,1
DA:10,10
DA:11,3
DA:14,7
DA:20,9
DA:21,2
DA:24,7
DA:35,9
DA:36,1
DA:40,8
DA:41,2
DA:45,6
DA:46,6
DA:47,1
DA:50,5
DA:53,5
DA:61,5
DA:64,5
DA:65,6
DA:67,0
DA:68,0
DA:69,0
DA:71,6
DA:76,5
DA:79,5
DA:80,5
DA:91,0
DA:92,0
DA:98,0
DA:104,0
DA:105,0
DA:108,0
DA:112,0
DA:119,0
DA:121,0
DA:133,0
DA:134,0
DA:139,0
LF:42
LH:27
BRDA:10,0,0,3
BRDA:10,0,1,7
BRDA:10,1,0,10
BRDA:10,1,1,5
BRDA:20,2,0,2
BRDA:20,2,1,7
BRDA:20,3,0,9
BRDA:20,3,1,6
BRDA:20,3,2,4
BRDA:35,4,0,1
BRDA:35,4,1,8
BRDA:35,5,0,9
BRDA:35,5,1,4
BRDA:35,5,2,3
BRDA:40,6,0,2
BRDA:40,6,1,6
BRDA:40,7,0,8
BRDA:40,7,1,3
BRDA:46,8,0,1
BRDA:46,8,1,5
BRDA:65,9,0,0
BRDA:65,9,1,6
BRDA:65,10,0,6
BRDA:65,10,1,6
BRDA:65,10,2,6
BRDA:69,11,0,0
BRDA:69,11,1,0
BRDA:108,12,0,0
BRDA:108,12,1,0
BRDA:108,13,0,0
BRDA:108,13,1,0
BRF:31
BRH:24
end_of_record
